{"/home/travis/build/npmtest/node-npmtest-compressjs/test.js":{"path":"/home/travis/build/npmtest/node-npmtest-compressjs/test.js","s":{"1":2,"2":2,"3":2,"4":2,"5":2,"6":2,"7":2,"8":1,"9":2,"10":2,"11":1,"12":1,"13":1,"14":1,"15":2,"16":2,"17":2,"18":2,"19":1,"20":1,"21":2,"22":2,"23":2,"24":1,"25":1,"26":1,"27":1,"28":1,"29":1,"30":1,"31":1,"32":1,"33":1,"34":1,"35":1,"36":1,"37":1,"38":1,"39":2,"40":2,"41":1,"42":2,"43":2,"44":1,"45":2,"46":2,"47":1,"48":2,"49":2,"50":1,"51":1,"52":1,"53":1,"54":1},"b":{"1":[2,1,1,1],"2":[1,1,1,1],"3":[1,1],"4":[1,1],"5":[1,1],"6":[1,1],"7":[1,1],"8":[1,1],"9":[1,1],"10":[1,1,1],"11":[1,1],"12":[1,1],"13":[1,1],"14":[1,1],"15":[1,1],"16":[1,1],"17":[1,1]},"f":{"1":2,"2":2,"3":2,"4":2,"5":2,"6":1,"7":1,"8":1,"9":2,"10":2,"11":2,"12":2,"13":1},"fnMap":{"1":{"name":"(anonymous_1)","line":12,"loc":{"start":{"line":12,"column":1},"end":{"line":12,"column":13}}},"2":{"name":"(anonymous_2)","line":19,"loc":{"start":{"line":19,"column":5},"end":{"line":19,"column":17}}},"3":{"name":"(anonymous_3)","line":23,"loc":{"start":{"line":23,"column":24},"end":{"line":23,"column":36}}},"4":{"name":"(anonymous_4)","line":61,"loc":{"start":{"line":61,"column":5},"end":{"line":61,"column":17}}},"5":{"name":"(anonymous_5)","line":82,"loc":{"start":{"line":82,"column":5},"end":{"line":82,"column":17}}},"6":{"name":"(anonymous_6)","line":91,"loc":{"start":{"line":91,"column":77},"end":{"line":94,"column":10}}},"7":{"name":"(anonymous_7)","line":112,"loc":{"start":{"line":112,"column":83},"end":{"line":115,"column":10}},"skip":true},"8":{"name":"(anonymous_8)","line":123,"loc":{"start":{"line":123,"column":77},"end":{"line":126,"column":10}},"skip":true},"9":{"name":"(anonymous_9)","line":139,"loc":{"start":{"line":139,"column":12},"end":{"line":139,"column":40}},"skip":true},"10":{"name":"(anonymous_10)","line":147,"loc":{"start":{"line":147,"column":77},"end":{"line":150,"column":10}},"skip":true},"11":{"name":"(anonymous_11)","line":158,"loc":{"start":{"line":158,"column":83},"end":{"line":161,"column":10}},"skip":true},"12":{"name":"(anonymous_12)","line":169,"loc":{"start":{"line":169,"column":79},"end":{"line":172,"column":10}},"skip":true},"13":{"name":"(anonymous_13)","line":180,"loc":{"start":{"line":180,"column":75},"end":{"line":183,"column":10}},"skip":true}},"statementMap":{"1":{"start":{"line":12,"column":0},"end":{"line":195,"column":5}},"2":{"start":{"line":14,"column":4},"end":{"line":14,"column":14}},"3":{"start":{"line":19,"column":4},"end":{"line":56,"column":9}},"4":{"start":{"line":21,"column":8},"end":{"line":21,"column":19}},"5":{"start":{"line":23,"column":8},"end":{"line":35,"column":13}},"6":{"start":{"line":24,"column":12},"end":{"line":34,"column":13}},"7":{"start":{"line":25,"column":16},"end":{"line":28,"column":30}},"8":{"start":{"line":30,"column":16},"end":{"line":33,"column":27}},"9":{"start":{"line":37,"column":8},"end":{"line":39,"column":21}},"10":{"start":{"line":40,"column":8},"end":{"line":53,"column":9}},"11":{"start":{"line":43,"column":12},"end":{"line":46,"column":14}},"12":{"start":{"line":47,"column":12},"end":{"line":47,"column":18}},"13":{"start":{"line":50,"column":12},"end":{"line":51,"column":46}},"14":{"start":{"line":52,"column":12},"end":{"line":52,"column":18}},"15":{"start":{"line":55,"column":8},"end":{"line":55,"column":35}},"16":{"start":{"line":61,"column":4},"end":{"line":63,"column":9}},"17":{"start":{"line":62,"column":8},"end":{"line":62,"column":15}},"18":{"start":{"line":64,"column":4},"end":{"line":77,"column":5}},"19":{"start":{"line":70,"column":8},"end":{"line":70,"column":14}},"20":{"start":{"line":76,"column":8},"end":{"line":76,"column":14}},"21":{"start":{"line":82,"column":4},"end":{"line":84,"column":9}},"22":{"start":{"line":83,"column":8},"end":{"line":83,"column":15}},"23":{"start":{"line":85,"column":4},"end":{"line":194,"column":5}},"24":{"start":{"line":91,"column":8},"end":{"line":99,"column":10}},"25":{"start":{"line":98,"column":12},"end":{"line":98,"column":35}},"26":{"start":{"line":102,"column":8},"end":{"line":104,"column":63}},"27":{"start":{"line":105,"column":8},"end":{"line":105,"column":14}},"28":{"start":{"line":112,"column":8},"end":{"line":121,"column":10},"skip":true},"29":{"start":{"line":119,"column":12},"end":{"line":119,"column":55},"skip":true},"30":{"start":{"line":120,"column":12},"end":{"line":120,"column":48},"skip":true},"31":{"start":{"line":123,"column":8},"end":{"line":136,"column":10},"skip":true},"32":{"start":{"line":130,"column":12},"end":{"line":130,"column":76},"skip":true},"33":{"start":{"line":131,"column":12},"end":{"line":131,"column":73},"skip":true},"34":{"start":{"line":132,"column":12},"end":{"line":132,"column":74},"skip":true},"35":{"start":{"line":133,"column":12},"end":{"line":133,"column":79},"skip":true},"36":{"start":{"line":134,"column":12},"end":{"line":134,"column":25},"skip":true},"37":{"start":{"line":135,"column":12},"end":{"line":135,"column":45},"skip":true},"38":{"start":{"line":138,"column":8},"end":{"line":145,"column":14},"skip":true},"39":{"start":{"line":143,"column":16},"end":{"line":143,"column":29},"skip":true},"40":{"start":{"line":144,"column":16},"end":{"line":144,"column":55},"skip":true},"41":{"start":{"line":147,"column":8},"end":{"line":156,"column":10},"skip":true},"42":{"start":{"line":154,"column":12},"end":{"line":154,"column":25},"skip":true},"43":{"start":{"line":155,"column":12},"end":{"line":155,"column":45},"skip":true},"44":{"start":{"line":158,"column":8},"end":{"line":167,"column":10},"skip":true},"45":{"start":{"line":165,"column":12},"end":{"line":165,"column":25},"skip":true},"46":{"start":{"line":166,"column":12},"end":{"line":166,"column":48},"skip":true},"47":{"start":{"line":169,"column":8},"end":{"line":178,"column":10},"skip":true},"48":{"start":{"line":176,"column":12},"end":{"line":176,"column":25},"skip":true},"49":{"start":{"line":177,"column":12},"end":{"line":177,"column":46},"skip":true},"50":{"start":{"line":180,"column":8},"end":{"line":189,"column":10},"skip":true},"51":{"start":{"line":187,"column":12},"end":{"line":187,"column":94},"skip":true},"52":{"start":{"line":188,"column":12},"end":{"line":188,"column":48},"skip":true},"53":{"start":{"line":192,"column":8},"end":{"line":192,"column":35},"skip":true},"54":{"start":{"line":193,"column":8},"end":{"line":193,"column":14},"skip":true}},"branchMap":{"1":{"line":25,"type":"binary-expr","locations":[{"start":{"line":25,"column":23},"end":{"line":25,"column":62}},{"start":{"line":26,"column":20},"end":{"line":26,"column":70}},{"start":{"line":27,"column":20},"end":{"line":27,"column":71}},{"start":{"line":28,"column":20},"end":{"line":28,"column":29}}]},"2":{"line":30,"type":"binary-expr","locations":[{"start":{"line":30,"column":23},"end":{"line":30,"column":37}},{"start":{"line":31,"column":20},"end":{"line":31,"column":61}},{"start":{"line":32,"column":20},"end":{"line":32,"column":70}},{"start":{"line":33,"column":20},"end":{"line":33,"column":26}}]},"3":{"line":37,"type":"cond-expr","locations":[{"start":{"line":38,"column":14},"end":{"line":38,"column":20}},{"start":{"line":39,"column":14},"end":{"line":39,"column":20}}]},"4":{"line":40,"type":"switch","locations":[{"start":{"line":42,"column":8},"end":{"line":47,"column":18}},{"start":{"line":49,"column":8},"end":{"line":52,"column":18}}]},"5":{"line":44,"type":"binary-expr","locations":[{"start":{"line":44,"column":16},"end":{"line":44,"column":44}},{"start":{"line":44,"column":48},"end":{"line":44,"column":66}}]},"6":{"line":50,"type":"binary-expr","locations":[{"start":{"line":50,"column":21},"end":{"line":50,"column":49}},{"start":{"line":50,"column":53},"end":{"line":50,"column":72}}]},"7":{"line":64,"type":"switch","locations":[{"start":{"line":69,"column":4},"end":{"line":70,"column":14}},{"start":{"line":75,"column":4},"end":{"line":76,"column":14}}]},"8":{"line":85,"type":"switch","locations":[{"start":{"line":90,"column":4},"end":{"line":105,"column":14}},{"start":{"line":111,"column":4},"end":{"line":193,"column":14},"skip":true}]},"9":{"line":91,"type":"binary-expr","locations":[{"start":{"line":91,"column":42},"end":{"line":91,"column":73}},{"start":{"line":91,"column":77},"end":{"line":99,"column":9}}]},"10":{"line":102,"type":"binary-expr","locations":[{"start":{"line":102,"column":18},"end":{"line":102,"column":32}},{"start":{"line":103,"column":12},"end":{"line":103,"column":53}},{"start":{"line":104,"column":12},"end":{"line":104,"column":61}}]},"11":{"line":112,"type":"binary-expr","locations":[{"start":{"line":112,"column":45},"end":{"line":112,"column":79},"skip":true},{"start":{"line":112,"column":83},"end":{"line":121,"column":9},"skip":true}]},"12":{"line":123,"type":"binary-expr","locations":[{"start":{"line":123,"column":42},"end":{"line":123,"column":73},"skip":true},{"start":{"line":123,"column":77},"end":{"line":136,"column":9},"skip":true}]},"13":{"line":138,"type":"binary-expr","locations":[{"start":{"line":138,"column":48},"end":{"line":138,"column":85},"skip":true},{"start":{"line":139,"column":12},"end":{"line":145,"column":13},"skip":true}]},"14":{"line":147,"type":"binary-expr","locations":[{"start":{"line":147,"column":42},"end":{"line":147,"column":73},"skip":true},{"start":{"line":147,"column":77},"end":{"line":156,"column":9},"skip":true}]},"15":{"line":158,"type":"binary-expr","locations":[{"start":{"line":158,"column":45},"end":{"line":158,"column":79},"skip":true},{"start":{"line":158,"column":83},"end":{"line":167,"column":9},"skip":true}]},"16":{"line":169,"type":"binary-expr","locations":[{"start":{"line":169,"column":43},"end":{"line":169,"column":75},"skip":true},{"start":{"line":169,"column":79},"end":{"line":178,"column":9},"skip":true}]},"17":{"line":180,"type":"binary-expr","locations":[{"start":{"line":180,"column":41},"end":{"line":180,"column":71},"skip":true},{"start":{"line":180,"column":75},"end":{"line":189,"column":9},"skip":true}]}},"code":["/* istanbul instrument in package npmtest_compressjs */","/*jslint","    bitwise: true,","    browser: true,","    maxerr: 8,","    maxlen: 96,","    node: true,","    nomen: true,","    regexp: true,","    stupid: true","*/","(function () {","    'use strict';","    var local;","","","","    // run shared js-env code - pre-init","    (function () {","        // init local","        local = {};","        // init modeJs","        local.modeJs = (function () {","            try {","                return typeof navigator.userAgent === 'string' &&","                    typeof document.querySelector('body') === 'object' &&","                    typeof XMLHttpRequest.prototype.open === 'function' &&","                    'browser';","            } catch (errorCaughtBrowser) {","                return module.exports &&","                    typeof process.versions.node === 'string' &&","                    typeof require('http').createServer === 'function' &&","                    'node';","            }","        }());","        // init global","        local.global = local.modeJs === 'browser'","            ? window","            : global;","        switch (local.modeJs) {","        // re-init local from window.local","        case 'browser':","            local = local.global.utility2.objectSetDefault(","                local.global.utility2_rollup || local.global.local,","                local.global.utility2","            );","            break;","        // re-init local from example.js","        case 'node':","            local = (local.global.utility2_rollup || require('utility2'))","                .requireExampleJsFromReadme();","            break;","        }","        // export local","        local.global.local = local;","    }());","","","","    // run shared js-env code - function","    (function () {","        return;","    }());","    switch (local.modeJs) {","","","","    // run browser js-env code - function","    case 'browser':","        break;","","","","    // run node js-env code - function","    case 'node':","        break;","    }","","","","    // run shared js-env code - post-init","    (function () {","        return;","    }());","    switch (local.modeJs) {","","","","    // run browser js-env code - post-init","    case 'browser':","        local.testCase_browser_nullCase = local.testCase_browser_nullCase || function (","            options,","            onError","        ) {","        /*","         * this function will test browsers's null-case handling-behavior-behavior","         */","            onError(null, options);","        };","","        // run tests","        local.nop(local.modeTest &&","            document.querySelector('#testRunButton1') &&","            document.querySelector('#testRunButton1').click());","        break;","","","","    // run node js-env code - post-init","    /* istanbul ignore next */","    case 'node':","        local.testCase_buildApidoc_default = local.testCase_buildApidoc_default || function (","            options,","            onError","        ) {","        /*","         * this function will test buildApidoc's default handling-behavior-behavior","         */","            options = { modulePathList: module.paths };","            local.buildApidoc(options, onError);","        };","","        local.testCase_buildApp_default = local.testCase_buildApp_default || function (","            options,","            onError","        ) {","        /*","         * this function will test buildApp's default handling-behavior-behavior","         */","            local.testCase_buildReadme_default(options, local.onErrorThrow);","            local.testCase_buildLib_default(options, local.onErrorThrow);","            local.testCase_buildTest_default(options, local.onErrorThrow);","            local.testCase_buildCustomOrg_default(options, local.onErrorThrow);","            options = [];","            local.buildApp(options, onError);","        };","","        local.testCase_buildCustomOrg_default = local.testCase_buildCustomOrg_default ||","            function (options, onError) {","            /*","             * this function will test buildCustomOrg's default handling-behavior","             */","                options = {};","                local.buildCustomOrg(options, onError);","            };","","        local.testCase_buildLib_default = local.testCase_buildLib_default || function (","            options,","            onError","        ) {","        /*","         * this function will test buildLib's default handling-behavior","         */","            options = {};","            local.buildLib(options, onError);","        };","","        local.testCase_buildReadme_default = local.testCase_buildReadme_default || function (","            options,","            onError","        ) {","        /*","         * this function will test buildReadme's default handling-behavior-behavior","         */","            options = {};","            local.buildReadme(options, onError);","        };","","        local.testCase_buildTest_default = local.testCase_buildTest_default || function (","            options,","            onError","        ) {","        /*","         * this function will test buildTest's default handling-behavior","         */","            options = {};","            local.buildTest(options, onError);","        };","","        local.testCase_webpage_default = local.testCase_webpage_default || function (","            options,","            onError","        ) {","        /*","         * this function will test webpage's default handling-behavior","         */","            options = { modeCoverageMerge: true, url: local.serverLocalHost + '?modeTest=1' };","            local.browserTest(options, onError);","        };","","        // run test-server","        local.testRunServer(local);","        break;","    }","}());",""],"l":{"12":2,"14":2,"19":2,"21":2,"23":2,"24":2,"25":2,"30":1,"37":2,"40":2,"43":1,"47":1,"50":1,"52":1,"55":2,"61":2,"62":2,"64":2,"70":1,"76":1,"82":2,"83":2,"85":2,"91":1,"98":1,"102":1,"105":1,"112":1,"119":1,"120":1,"123":1,"130":1,"131":1,"132":1,"133":1,"134":1,"135":1,"138":1,"143":2,"144":2,"147":1,"154":2,"155":2,"158":1,"165":2,"166":2,"169":1,"176":2,"177":2,"180":1,"187":1,"188":1,"192":1,"193":1}},"/home/travis/build/npmtest/node-npmtest-compressjs/lib.npmtest_compressjs.js":{"path":"/home/travis/build/npmtest/node-npmtest-compressjs/lib.npmtest_compressjs.js","s":{"1":2,"2":2,"3":2,"4":2,"5":2,"6":2,"7":2,"8":1,"9":2,"10":2,"11":2,"12":2,"13":1,"14":1,"15":1,"16":1},"b":{"1":[2,1,1,1],"2":[1,1,1,1],"3":[1,1],"4":[2,2],"5":[1,1]},"f":{"1":2,"2":2,"3":2},"fnMap":{"1":{"name":"(anonymous_1)","line":12,"loc":{"start":{"line":12,"column":1},"end":{"line":12,"column":13}}},"2":{"name":"(anonymous_2)","line":19,"loc":{"start":{"line":19,"column":5},"end":{"line":19,"column":17}}},"3":{"name":"(anonymous_3)","line":23,"loc":{"start":{"line":23,"column":24},"end":{"line":23,"column":36}}}},"statementMap":{"1":{"start":{"line":12,"column":0},"end":{"line":53,"column":5}},"2":{"start":{"line":14,"column":4},"end":{"line":14,"column":14}},"3":{"start":{"line":19,"column":4},"end":{"line":52,"column":9}},"4":{"start":{"line":21,"column":8},"end":{"line":21,"column":19}},"5":{"start":{"line":23,"column":8},"end":{"line":35,"column":13}},"6":{"start":{"line":24,"column":12},"end":{"line":34,"column":13}},"7":{"start":{"line":25,"column":16},"end":{"line":28,"column":30}},"8":{"start":{"line":30,"column":16},"end":{"line":33,"column":27}},"9":{"start":{"line":37,"column":8},"end":{"line":39,"column":21}},"10":{"start":{"line":41,"column":8},"end":{"line":41,"column":54}},"11":{"start":{"line":43,"column":8},"end":{"line":43,"column":55}},"12":{"start":{"line":45,"column":8},"end":{"line":51,"column":9}},"13":{"start":{"line":46,"column":12},"end":{"line":46,"column":61}},"14":{"start":{"line":48,"column":12},"end":{"line":48,"column":35}},"15":{"start":{"line":49,"column":12},"end":{"line":49,"column":49}},"16":{"start":{"line":50,"column":12},"end":{"line":50,"column":43}}},"branchMap":{"1":{"line":25,"type":"binary-expr","locations":[{"start":{"line":25,"column":23},"end":{"line":25,"column":62}},{"start":{"line":26,"column":20},"end":{"line":26,"column":70}},{"start":{"line":27,"column":20},"end":{"line":27,"column":71}},{"start":{"line":28,"column":20},"end":{"line":28,"column":29}}]},"2":{"line":30,"type":"binary-expr","locations":[{"start":{"line":30,"column":23},"end":{"line":30,"column":37}},{"start":{"line":31,"column":20},"end":{"line":31,"column":61}},{"start":{"line":32,"column":20},"end":{"line":32,"column":70}},{"start":{"line":33,"column":20},"end":{"line":33,"column":26}}]},"3":{"line":37,"type":"cond-expr","locations":[{"start":{"line":38,"column":14},"end":{"line":38,"column":20}},{"start":{"line":39,"column":14},"end":{"line":39,"column":20}}]},"4":{"line":41,"type":"binary-expr","locations":[{"start":{"line":41,"column":16},"end":{"line":41,"column":44}},{"start":{"line":41,"column":48},"end":{"line":41,"column":53}}]},"5":{"line":45,"type":"if","locations":[{"start":{"line":45,"column":8},"end":{"line":45,"column":8}},{"start":{"line":45,"column":8},"end":{"line":45,"column":8}}]}},"code":["/* istanbul instrument in package npmtest_compressjs */","/*jslint","    bitwise: true,","    browser: true,","    maxerr: 8,","    maxlen: 96,","    node: true,","    nomen: true,","    regexp: true,","    stupid: true","*/","(function () {","    'use strict';","    var local;","","","","    // run shared js-env code - pre-init","    (function () {","        // init local","        local = {};","        // init modeJs","        local.modeJs = (function () {","            try {","                return typeof navigator.userAgent === 'string' &&","                    typeof document.querySelector('body') === 'object' &&","                    typeof XMLHttpRequest.prototype.open === 'function' &&","                    'browser';","            } catch (errorCaughtBrowser) {","                return module.exports &&","                    typeof process.versions.node === 'string' &&","                    typeof require('http').createServer === 'function' &&","                    'node';","            }","        }());","        // init global","        local.global = local.modeJs === 'browser'","            ? window","            : global;","        // init utility2_rollup","        local = local.global.utility2_rollup || local;","        // init lib","        local.local = local.npmtest_compressjs = local;","        // init exports","        if (local.modeJs === 'browser') {","            local.global.utility2_npmtest_compressjs = local;","        } else {","            module.exports = local;","            module.exports.__dirname = __dirname;","            module.exports.module = module;","        }","    }());","}());",""],"l":{"12":2,"14":2,"19":2,"21":2,"23":2,"24":2,"25":2,"30":1,"37":2,"41":2,"43":2,"45":2,"46":1,"48":1,"49":1,"50":1}},"/home/travis/build/npmtest/node-npmtest-compressjs/example.js":{"path":"/home/travis/build/npmtest/node-npmtest-compressjs/example.js","s":{"1":2,"2":2,"3":2,"4":2,"5":2,"6":2,"7":2,"8":1,"9":2,"10":2,"11":2,"12":2,"13":1,"14":2,"15":2,"16":2,"17":2,"18":2,"19":0,"20":2,"21":1,"22":1,"23":1,"24":1,"25":1,"26":0,"27":0,"28":1,"29":1,"30":2,"31":0,"32":0,"33":0,"34":1,"35":2,"36":2,"37":3,"38":3,"39":3,"40":3,"41":0,"42":3,"43":3,"44":3,"45":1,"46":3,"47":1,"48":1,"49":1,"50":1,"51":1,"52":1,"53":1,"54":1,"55":1,"56":1,"57":0,"58":1,"59":6,"60":6,"61":1,"62":2,"63":0,"64":2,"65":1,"66":1,"67":0,"68":0,"69":0,"70":0,"71":0,"72":0,"73":0,"74":0,"75":0,"76":0,"77":0,"78":0,"79":0,"80":0,"81":0,"82":0,"83":0},"b":{"1":[2,1,1,1],"2":[1,1,1,1],"3":[1,1],"4":[2,2],"5":[1,1],"6":[1,1],"7":[2,0],"8":[2,1,1,1,1,1],"9":[0,2,0],"10":[1,1],"11":[2,1,1],"12":[1,0],"13":[0,2],"14":[2,0,0,0,0,0,0],"15":[0,3],"16":[3,0],"17":[1,1],"18":[0,1],"19":[1,2,0,2],"20":[1,0],"21":[1,1],"22":[0,0],"23":[0,0],"24":[0,0],"25":[0,0],"26":[0,0],"27":[0,0],"28":[0,0]},"f":{"1":2,"2":2,"3":2,"4":2,"5":2,"6":2,"7":3,"8":3,"9":3,"10":1,"11":6,"12":0},"fnMap":{"1":{"name":"(anonymous_1)","line":26,"loc":{"start":{"line":26,"column":1},"end":{"line":26,"column":13}}},"2":{"name":"(anonymous_2)","line":33,"loc":{"start":{"line":33,"column":5},"end":{"line":33,"column":17}}},"3":{"name":"(anonymous_3)","line":37,"loc":{"start":{"line":37,"column":24},"end":{"line":37,"column":36}}},"4":{"name":"(anonymous_4)","line":69,"loc":{"start":{"line":69,"column":31},"end":{"line":69,"column":48}},"skip":true},"5":{"name":"(anonymous_5)","line":78,"loc":{"start":{"line":78,"column":26},"end":{"line":78,"column":45}},"skip":true},"6":{"name":"(anonymous_6)","line":123,"loc":{"start":{"line":123,"column":33},"end":{"line":123,"column":48}},"skip":true},"7":{"name":"(anonymous_7)","line":125,"loc":{"start":{"line":125,"column":27},"end":{"line":125,"column":39}},"skip":true},"8":{"name":"(anonymous_8)","line":133,"loc":{"start":{"line":133,"column":59},"end":{"line":133,"column":74}},"skip":true},"9":{"name":"(anonymous_9)","line":143,"loc":{"start":{"line":143,"column":45},"end":{"line":143,"column":62}},"skip":true},"10":{"name":"(anonymous_10)","line":144,"loc":{"start":{"line":144,"column":73},"end":{"line":144,"column":92}},"skip":true},"11":{"name":"(anonymous_11)","line":272,"loc":{"start":{"line":272,"column":51},"end":{"line":272,"column":77}},"skip":true},"12":{"name":"(anonymous_12)","line":315,"loc":{"start":{"line":315,"column":32},"end":{"line":315,"column":61}},"skip":true}},"statementMap":{"1":{"start":{"line":26,"column":0},"end":{"line":326,"column":5}},"2":{"start":{"line":28,"column":4},"end":{"line":28,"column":14}},"3":{"start":{"line":33,"column":4},"end":{"line":60,"column":9}},"4":{"start":{"line":35,"column":8},"end":{"line":35,"column":19}},"5":{"start":{"line":37,"column":8},"end":{"line":49,"column":13}},"6":{"start":{"line":38,"column":12},"end":{"line":48,"column":13}},"7":{"start":{"line":39,"column":16},"end":{"line":42,"column":30}},"8":{"start":{"line":44,"column":16},"end":{"line":47,"column":27}},"9":{"start":{"line":51,"column":8},"end":{"line":53,"column":21}},"10":{"start":{"line":55,"column":8},"end":{"line":57,"column":45}},"11":{"start":{"line":59,"column":8},"end":{"line":59,"column":35}},"12":{"start":{"line":61,"column":4},"end":{"line":325,"column":5}},"13":{"start":{"line":69,"column":8},"end":{"line":121,"column":10},"skip":true},"14":{"start":{"line":70,"column":12},"end":{"line":88,"column":13},"skip":true},"15":{"start":{"line":76,"column":16},"end":{"line":87,"column":19},"skip":true},"16":{"start":{"line":79,"column":20},"end":{"line":86,"column":21},"skip":true},"17":{"start":{"line":82,"column":24},"end":{"line":82,"column":43},"skip":true},"18":{"start":{"line":83,"column":24},"end":{"line":83,"column":30},"skip":true},"19":{"start":{"line":85,"column":24},"end":{"line":85,"column":49},"skip":true},"20":{"start":{"line":89,"column":12},"end":{"line":107,"column":13},"skip":true},"21":{"start":{"line":92,"column":16},"end":{"line":102,"column":17},"skip":true},"22":{"start":{"line":93,"column":20},"end":{"line":93,"column":86},"skip":true},"23":{"start":{"line":94,"column":20},"end":{"line":95,"column":45},"skip":true},"24":{"start":{"line":96,"column":20},"end":{"line":96,"column":42},"skip":true},"25":{"start":{"line":97,"column":20},"end":{"line":97,"column":48},"skip":true},"26":{"start":{"line":100,"column":20},"end":{"line":100,"column":85},"skip":true},"27":{"start":{"line":101,"column":20},"end":{"line":101,"column":96},"skip":true},"28":{"start":{"line":103,"column":16},"end":{"line":103,"column":22},"skip":true},"29":{"start":{"line":106,"column":16},"end":{"line":106,"column":22},"skip":true},"30":{"start":{"line":108,"column":12},"end":{"line":120,"column":13},"skip":true},"31":{"start":{"line":114,"column":16},"end":{"line":119,"column":17},"skip":true},"32":{"start":{"line":116,"column":20},"end":{"line":116,"column":78},"skip":true},"33":{"start":{"line":118,"column":20},"end":{"line":118,"column":47},"skip":true},"34":{"start":{"line":123,"column":8},"end":{"line":141,"column":11},"skip":true},"35":{"start":{"line":124,"column":12},"end":{"line":124,"column":54},"skip":true},"36":{"start":{"line":125,"column":12},"end":{"line":140,"column":14},"skip":true},"37":{"start":{"line":126,"column":16},"end":{"line":126,"column":28},"skip":true},"38":{"start":{"line":127,"column":16},"end":{"line":127,"column":69},"skip":true},"39":{"start":{"line":128,"column":16},"end":{"line":128,"column":75},"skip":true},"40":{"start":{"line":129,"column":16},"end":{"line":131,"column":17},"skip":true},"41":{"start":{"line":130,"column":20},"end":{"line":130,"column":27},"skip":true},"42":{"start":{"line":133,"column":16},"end":{"line":137,"column":36},"skip":true},"43":{"start":{"line":134,"column":20},"end":{"line":136,"column":55},"skip":true},"44":{"start":{"line":139,"column":16},"end":{"line":139,"column":57},"skip":true},"45":{"start":{"line":143,"column":8},"end":{"line":147,"column":11},"skip":true},"46":{"start":{"line":144,"column":12},"end":{"line":146,"column":15},"skip":true},"47":{"start":{"line":145,"column":16},"end":{"line":145,"column":70},"skip":true},"48":{"start":{"line":149,"column":8},"end":{"line":149,"column":31},"skip":true},"49":{"start":{"line":150,"column":8},"end":{"line":150,"column":14},"skip":true},"50":{"start":{"line":158,"column":8},"end":{"line":158,"column":31},"skip":true},"51":{"start":{"line":160,"column":8},"end":{"line":160,"column":33},"skip":true},"52":{"start":{"line":161,"column":8},"end":{"line":161,"column":37},"skip":true},"53":{"start":{"line":162,"column":8},"end":{"line":162,"column":35},"skip":true},"54":{"start":{"line":164,"column":8},"end":{"line":164,"column":50},"skip":true},"55":{"start":{"line":166,"column":8},"end":{"line":256,"column":2},"skip":true},"56":{"start":{"line":258,"column":8},"end":{"line":286,"column":9},"skip":true},"57":{"start":{"line":259,"column":12},"end":{"line":269,"column":14},"skip":true},"58":{"start":{"line":271,"column":12},"end":{"line":285,"column":19},"skip":true},"59":{"start":{"line":274,"column":20},"end":{"line":274,"column":35},"skip":true},"60":{"start":{"line":275,"column":20},"end":{"line":284,"column":21},"skip":true},"61":{"start":{"line":277,"column":24},"end":{"line":277,"column":64},"skip":true},"62":{"start":{"line":279,"column":24},"end":{"line":279,"column":40},"skip":true},"63":{"start":{"line":281,"column":24},"end":{"line":281,"column":40},"skip":true},"64":{"start":{"line":283,"column":24},"end":{"line":283,"column":39},"skip":true},"65":{"start":{"line":288,"column":8},"end":{"line":290,"column":9},"skip":true},"66":{"start":{"line":289,"column":12},"end":{"line":289,"column":18},"skip":true},"67":{"start":{"line":291,"column":8},"end":{"line":293,"column":54},"skip":true},"68":{"start":{"line":296,"column":8},"end":{"line":301,"column":37},"skip":true},"69":{"start":{"line":303,"column":8},"end":{"line":303,"column":82},"skip":true},"70":{"start":{"line":306,"column":8},"end":{"line":308,"column":9},"skip":true},"71":{"start":{"line":307,"column":12},"end":{"line":307,"column":82},"skip":true},"72":{"start":{"line":310,"column":8},"end":{"line":312,"column":9},"skip":true},"73":{"start":{"line":311,"column":12},"end":{"line":311,"column":18},"skip":true},"74":{"start":{"line":313,"column":8},"end":{"line":313,"column":54},"skip":true},"75":{"start":{"line":314,"column":8},"end":{"line":314,"column":69},"skip":true},"76":{"start":{"line":315,"column":8},"end":{"line":323,"column":36},"skip":true},"77":{"start":{"line":316,"column":12},"end":{"line":316,"column":61},"skip":true},"78":{"start":{"line":317,"column":12},"end":{"line":320,"column":13},"skip":true},"79":{"start":{"line":318,"column":16},"end":{"line":318,"column":75},"skip":true},"80":{"start":{"line":319,"column":16},"end":{"line":319,"column":23},"skip":true},"81":{"start":{"line":321,"column":12},"end":{"line":321,"column":38},"skip":true},"82":{"start":{"line":322,"column":12},"end":{"line":322,"column":27},"skip":true},"83":{"start":{"line":324,"column":8},"end":{"line":324,"column":14},"skip":true}},"branchMap":{"1":{"line":39,"type":"binary-expr","locations":[{"start":{"line":39,"column":23},"end":{"line":39,"column":62}},{"start":{"line":40,"column":20},"end":{"line":40,"column":70}},{"start":{"line":41,"column":20},"end":{"line":41,"column":71}},{"start":{"line":42,"column":20},"end":{"line":42,"column":29}}]},"2":{"line":44,"type":"binary-expr","locations":[{"start":{"line":44,"column":23},"end":{"line":44,"column":37}},{"start":{"line":45,"column":20},"end":{"line":45,"column":61}},{"start":{"line":46,"column":20},"end":{"line":46,"column":70}},{"start":{"line":47,"column":20},"end":{"line":47,"column":26}}]},"3":{"line":51,"type":"cond-expr","locations":[{"start":{"line":52,"column":14},"end":{"line":52,"column":20}},{"start":{"line":53,"column":14},"end":{"line":53,"column":20}}]},"4":{"line":55,"type":"binary-expr","locations":[{"start":{"line":55,"column":16},"end":{"line":55,"column":44}},{"start":{"line":55,"column":49},"end":{"line":57,"column":43}}]},"5":{"line":55,"type":"cond-expr","locations":[{"start":{"line":56,"column":14},"end":{"line":56,"column":54}},{"start":{"line":57,"column":14},"end":{"line":57,"column":43}}]},"6":{"line":61,"type":"switch","locations":[{"start":{"line":68,"column":4},"end":{"line":150,"column":14},"skip":true},{"start":{"line":156,"column":4},"end":{"line":324,"column":14},"skip":true}]},"7":{"line":70,"type":"if","locations":[{"start":{"line":70,"column":12},"end":{"line":70,"column":12},"skip":true},{"start":{"line":70,"column":12},"end":{"line":70,"column":12},"skip":true}]},"8":{"line":70,"type":"binary-expr","locations":[{"start":{"line":70,"column":16},"end":{"line":70,"column":22},"skip":true},{"start":{"line":70,"column":27},"end":{"line":70,"column":32},"skip":true},{"start":{"line":71,"column":20},"end":{"line":71,"column":39},"skip":true},{"start":{"line":72,"column":20},"end":{"line":72,"column":49},"skip":true},{"start":{"line":73,"column":20},"end":{"line":73,"column":58},"skip":true},{"start":{"line":74,"column":20},"end":{"line":74,"column":69},"skip":true}]},"9":{"line":79,"type":"switch","locations":[{"start":{"line":80,"column":20},"end":{"line":80,"column":33},"skip":true},{"start":{"line":81,"column":20},"end":{"line":83,"column":30},"skip":true},{"start":{"line":84,"column":20},"end":{"line":85,"column":49},"skip":true}]},"10":{"line":89,"type":"switch","locations":[{"start":{"line":90,"column":12},"end":{"line":103,"column":22},"skip":true},{"start":{"line":105,"column":12},"end":{"line":106,"column":22},"skip":true}]},"11":{"line":89,"type":"binary-expr","locations":[{"start":{"line":89,"column":20},"end":{"line":89,"column":25},"skip":true},{"start":{"line":89,"column":29},"end":{"line":89,"column":48},"skip":true},{"start":{"line":89,"column":52},"end":{"line":89,"column":74},"skip":true}]},"12":{"line":92,"type":"if","locations":[{"start":{"line":92,"column":16},"end":{"line":92,"column":16},"skip":true},{"start":{"line":92,"column":16},"end":{"line":92,"column":16},"skip":true}]},"13":{"line":108,"type":"if","locations":[{"start":{"line":108,"column":12},"end":{"line":108,"column":12},"skip":true},{"start":{"line":108,"column":12},"end":{"line":108,"column":12},"skip":true}]},"14":{"line":108,"type":"binary-expr","locations":[{"start":{"line":108,"column":16},"end":{"line":108,"column":61},"skip":true},{"start":{"line":108,"column":66},"end":{"line":108,"column":72},"skip":true},{"start":{"line":108,"column":77},"end":{"line":108,"column":82},"skip":true},{"start":{"line":109,"column":20},"end":{"line":109,"column":39},"skip":true},{"start":{"line":110,"column":20},"end":{"line":110,"column":49},"skip":true},{"start":{"line":111,"column":20},"end":{"line":111,"column":58},"skip":true},{"start":{"line":112,"column":20},"end":{"line":112,"column":68},"skip":true}]},"15":{"line":129,"type":"if","locations":[{"start":{"line":129,"column":16},"end":{"line":129,"column":16},"skip":true},{"start":{"line":129,"column":16},"end":{"line":129,"column":16},"skip":true}]},"16":{"line":134,"type":"cond-expr","locations":[{"start":{"line":135,"column":26},"end":{"line":135,"column":29},"skip":true},{"start":{"line":136,"column":26},"end":{"line":136,"column":54},"skip":true}]},"17":{"line":164,"type":"binary-expr","locations":[{"start":{"line":164,"column":27},"end":{"line":164,"column":43},"skip":true},{"start":{"line":164,"column":47},"end":{"line":164,"column":49},"skip":true}]},"18":{"line":258,"type":"if","locations":[{"start":{"line":258,"column":8},"end":{"line":258,"column":8},"skip":true},{"start":{"line":258,"column":8},"end":{"line":258,"column":8},"skip":true}]},"19":{"line":275,"type":"switch","locations":[{"start":{"line":276,"column":20},"end":{"line":277,"column":64},"skip":true},{"start":{"line":278,"column":20},"end":{"line":279,"column":40},"skip":true},{"start":{"line":280,"column":20},"end":{"line":281,"column":40},"skip":true},{"start":{"line":282,"column":20},"end":{"line":283,"column":39},"skip":true}]},"20":{"line":288,"type":"if","locations":[{"start":{"line":288,"column":8},"end":{"line":288,"column":8},"skip":true},{"start":{"line":288,"column":8},"end":{"line":288,"column":8},"skip":true}]},"21":{"line":288,"type":"binary-expr","locations":[{"start":{"line":288,"column":12},"end":{"line":288,"column":40},"skip":true},{"start":{"line":288,"column":44},"end":{"line":288,"column":67},"skip":true}]},"22":{"line":292,"type":"binary-expr","locations":[{"start":{"line":292,"column":12},"end":{"line":292,"column":50},"skip":true},{"start":{"line":293,"column":12},"end":{"line":293,"column":53},"skip":true}]},"23":{"line":297,"type":"binary-expr","locations":[{"start":{"line":297,"column":12},"end":{"line":297,"column":68},"skip":true},{"start":{"line":298,"column":12},"end":{"line":301,"column":36},"skip":true}]},"24":{"line":303,"type":"binary-expr","locations":[{"start":{"line":303,"column":43},"end":{"line":303,"column":75},"skip":true},{"start":{"line":303,"column":79},"end":{"line":303,"column":81},"skip":true}]},"25":{"line":306,"type":"if","locations":[{"start":{"line":306,"column":8},"end":{"line":306,"column":8},"skip":true},{"start":{"line":306,"column":8},"end":{"line":306,"column":8},"skip":true}]},"26":{"line":310,"type":"if","locations":[{"start":{"line":310,"column":8},"end":{"line":310,"column":8},"skip":true},{"start":{"line":310,"column":8},"end":{"line":310,"column":8},"skip":true}]},"27":{"line":313,"type":"binary-expr","locations":[{"start":{"line":313,"column":27},"end":{"line":313,"column":43},"skip":true},{"start":{"line":313,"column":47},"end":{"line":313,"column":53},"skip":true}]},"28":{"line":317,"type":"if","locations":[{"start":{"line":317,"column":12},"end":{"line":317,"column":12},"skip":true},{"start":{"line":317,"column":12},"end":{"line":317,"column":12},"skip":true}]}},"code":["/*","example.js","","quickstart example","","instruction","    1. save this script as example.js","    2. run the shell command:","        $ npm install npmtest-compressjs && PORT=8081 node example.js","    3. play with the browser-demo on http://127.0.0.1:8081","*/","","","","/* istanbul instrument in package npmtest_compressjs */","/*jslint","    bitwise: true,","    browser: true,","    maxerr: 8,","    maxlen: 96,","    node: true,","    nomen: true,","    regexp: true,","    stupid: true","*/","(function () {","    'use strict';","    var local;","","","","    // run shared js-env code - pre-init","    (function () {","        // init local","        local = {};","        // init modeJs","        local.modeJs = (function () {","            try {","                return typeof navigator.userAgent === 'string' &&","                    typeof document.querySelector('body') === 'object' &&","                    typeof XMLHttpRequest.prototype.open === 'function' &&","                    'browser';","            } catch (errorCaughtBrowser) {","                return module.exports &&","                    typeof process.versions.node === 'string' &&","                    typeof require('http').createServer === 'function' &&","                    'node';","            }","        }());","        // init global","        local.global = local.modeJs === 'browser'","            ? window","            : global;","        // init utility2_rollup","        local = local.global.utility2_rollup || (local.modeJs === 'browser'","            ? local.global.utility2_npmtest_compressjs","            : global.utility2_moduleExports);","        // export local","        local.global.local = local;","    }());","    switch (local.modeJs) {","","","","    // post-init","    // run browser js-env code - post-init","    /* istanbul ignore next */","    case 'browser':","        local.testRunBrowser = function (event) {","            if (!event || (event &&","                    event.currentTarget &&","                    event.currentTarget.className &&","                    event.currentTarget.className.includes &&","                    event.currentTarget.className.includes('onreset'))) {","                // reset output","                Array.from(","                    document.querySelectorAll('body > .resettable')","                ).forEach(function (element) {","                    switch (element.tagName) {","                    case 'INPUT':","                    case 'TEXTAREA':","                        element.value = '';","                        break;","                    default:","                        element.textContent = '';","                    }","                });","            }","            switch (event && event.currentTarget && event.currentTarget.id) {","            case 'testRunButton1':","                // show tests","                if (document.querySelector('#testReportDiv1').style.display === 'none') {","                    document.querySelector('#testReportDiv1').style.display = 'block';","                    document.querySelector('#testRunButton1').textContent =","                        'hide internal test';","                    local.modeTest = true;","                    local.testRunDefault(local);","                // hide tests","                } else {","                    document.querySelector('#testReportDiv1').style.display = 'none';","                    document.querySelector('#testRunButton1').textContent = 'run internal test';","                }","                break;","            // custom-case","            default:","                break;","            }","            if (document.querySelector('#inputTextareaEval1') && (!event || (event &&","                    event.currentTarget &&","                    event.currentTarget.className &&","                    event.currentTarget.className.includes &&","                    event.currentTarget.className.includes('oneval')))) {","                // try to eval input-code","                try {","                    /*jslint evil: true*/","                    eval(document.querySelector('#inputTextareaEval1').value);","                } catch (errorCaught) {","                    console.error(errorCaught);","                }","            }","        };","        // log stderr and stdout to #outputTextareaStdout1","        ['error', 'log'].forEach(function (key) {","            console[key + '_original'] = console[key];","            console[key] = function () {","                var element;","                console[key + '_original'].apply(console, arguments);","                element = document.querySelector('#outputTextareaStdout1');","                if (!element) {","                    return;","                }","                // append text to #outputTextareaStdout1","                element.value += Array.from(arguments).map(function (arg) {","                    return typeof arg === 'string'","                        ? arg","                        : JSON.stringify(arg, null, 4);","                }).join(' ') + '\\n';","                // scroll textarea to bottom","                element.scrollTop = element.scrollHeight;","            };","        });","        // init event-handling","        ['change', 'click', 'keyup'].forEach(function (event) {","            Array.from(document.querySelectorAll('.on' + event)).forEach(function (element) {","                element.addEventListener(event, local.testRunBrowser);","            });","        });","        // run tests","        local.testRunBrowser();","        break;","","","","    // run node js-env code - post-init","    /* istanbul ignore next */","    case 'node':","        // export local","        module.exports = local;","        // require modules","        local.fs = require('fs');","        local.http = require('http');","        local.url = require('url');","        // init assets","        local.assetsDict = local.assetsDict || {};","        /* jslint-ignore-begin */","        local.assetsDict['/assets.index.template.html'] = '\\","<!doctype html>\\n\\","<html lang=\"en\">\\n\\","<head>\\n\\","<meta charset=\"UTF-8\">\\n\\","<meta name=\"viewport\" content=\"width=device-width, initial-scale=1\">\\n\\","<title>{{env.npm_package_name}} (v{{env.npm_package_version}})</title>\\n\\","<style>\\n\\","/*csslint\\n\\","    box-sizing: false,\\n\\","    universal-selector: false\\n\\","*/\\n\\","* {\\n\\","    box-sizing: border-box;\\n\\","}\\n\\","body {\\n\\","    background: #dde;\\n\\","    font-family: Arial, Helvetica, sans-serif;\\n\\","    margin: 2rem;\\n\\","}\\n\\","body > * {\\n\\","    margin-bottom: 1rem;\\n\\","}\\n\\",".utility2FooterDiv {\\n\\","    margin-top: 20px;\\n\\","    text-align: center;\\n\\","}\\n\\","</style>\\n\\","<style>\\n\\","/*csslint\\n\\","*/\\n\\","textarea {\\n\\","    font-family: monospace;\\n\\","    height: 10rem;\\n\\","    width: 100%;\\n\\","}\\n\\","textarea[readonly] {\\n\\","    background: #ddd;\\n\\","}\\n\\","</style>\\n\\","</head>\\n\\","<body>\\n\\","<!-- utility2-comment\\n\\","<div id=\"ajaxProgressDiv1\" style=\"background: #d00; height: 2px; left: 0; margin: 0; padding: 0; position: fixed; top: 0; transition: background 0.5s, width 1.5s; width: 25%;\"></div>\\n\\","utility2-comment -->\\n\\","<h1>\\n\\","<!-- utility2-comment\\n\\","    <a\\n\\","        {{#if env.npm_package_homepage}}\\n\\","        href=\"{{env.npm_package_homepage}}\"\\n\\","        {{/if env.npm_package_homepage}}\\n\\","        target=\"_blank\"\\n\\","    >\\n\\","utility2-comment -->\\n\\","        {{env.npm_package_name}} (v{{env.npm_package_version}})\\n\\","<!-- utility2-comment\\n\\","    </a>\\n\\","utility2-comment -->\\n\\","</h1>\\n\\","<h3>{{env.npm_package_description}}</h3>\\n\\","<!-- utility2-comment\\n\\","<h4><a download href=\"assets.app.js\">download standalone app</a></h4>\\n\\","<button class=\"onclick onreset\" id=\"testRunButton1\">run internal test</button><br>\\n\\","<div id=\"testReportDiv1\" style=\"display: none;\"></div>\\n\\","utility2-comment -->\\n\\","\\n\\","\\n\\","\\n\\","<label>stderr and stdout</label>\\n\\","<textarea class=\"resettable\" id=\"outputTextareaStdout1\" readonly></textarea>\\n\\","<!-- utility2-comment\\n\\","{{#if isRollup}}\\n\\","<script src=\"assets.app.js\"></script>\\n\\","{{#unless isRollup}}\\n\\","utility2-comment -->\\n\\","<script src=\"assets.utility2.rollup.js\"></script>\\n\\","<script src=\"jsonp.utility2._stateInit?callback=window.utility2._stateInit\"></script>\\n\\","<script src=\"assets.npmtest_compressjs.rollup.js\"></script>\\n\\","<script src=\"assets.example.js\"></script>\\n\\","<script src=\"assets.test.js\"></script>\\n\\","<!-- utility2-comment\\n\\","{{/if isRollup}}\\n\\","utility2-comment -->\\n\\","<div class=\"utility2FooterDiv\">\\n\\","    [ this app was created with\\n\\","    <a href=\"https://github.com/kaizhu256/node-utility2\" target=\"_blank\">utility2</a>\\n\\","    ]\\n\\","</div>\\n\\","</body>\\n\\","</html>\\n\\","';","        /* jslint-ignore-end */","        if (local.templateRender) {","            local.assetsDict['/'] = local.templateRender(","                local.assetsDict['/assets.index.template.html'],","                {","                    env: local.objectSetDefault(local.env, {","                        npm_package_description: 'the greatest app in the world!',","                        npm_package_name: 'my-app',","                        npm_package_nameAlias: 'my_app',","                        npm_package_version: '0.0.1'","                    })","                }","            );","        } else {","            local.assetsDict['/'] = local.assetsDict['/assets.index.template.html']","                .replace((/\\{\\{env\\.(\\w+?)\\}\\}/g), function (match0, match1) {","                    // jslint-hack","                    String(match0);","                    switch (match1) {","                    case 'npm_package_description':","                        return 'the greatest app in the world!';","                    case 'npm_package_name':","                        return 'my-app';","                    case 'npm_package_nameAlias':","                        return 'my_app';","                    case 'npm_package_version':","                        return '0.0.1';","                    }","                });","        }","        // run the cli","        if (local.global.utility2_rollup || module !== require.main) {","            break;","        }","        local.assetsDict['/assets.example.js'] =","            local.assetsDict['/assets.example.js'] ||","            local.fs.readFileSync(__filename, 'utf8');","        // bug-workaround - long $npm_package_buildCustomOrg","        /* jslint-ignore-begin */","        local.assetsDict['/assets.npmtest_compressjs.rollup.js'] =","            local.assetsDict['/assets.npmtest_compressjs.rollup.js'] ||","            local.fs.readFileSync(","                local.npmtest_compressjs.__dirname + '/lib.npmtest_compressjs.js',","                'utf8'","            ).replace((/^#!/), '//');","        /* jslint-ignore-end */","        local.assetsDict['/favicon.ico'] = local.assetsDict['/favicon.ico'] || '';","        // if $npm_config_timeout_exit exists,","        // then exit this process after $npm_config_timeout_exit ms","        if (Number(process.env.npm_config_timeout_exit)) {","            setTimeout(process.exit, Number(process.env.npm_config_timeout_exit));","        }","        // start server","        if (local.global.utility2_serverHttp1) {","            break;","        }","        process.env.PORT = process.env.PORT || '8081';","        console.error('server starting on port ' + process.env.PORT);","        local.http.createServer(function (request, response) {","            request.urlParsed = local.url.parse(request.url);","            if (local.assetsDict[request.urlParsed.pathname] !== undefined) {","                response.end(local.assetsDict[request.urlParsed.pathname]);","                return;","            }","            response.statusCode = 404;","            response.end();","        }).listen(process.env.PORT);","        break;","    }","}());",""],"l":{"26":2,"28":2,"33":2,"35":2,"37":2,"38":2,"39":2,"44":1,"51":2,"55":2,"59":2,"61":2,"69":1,"70":2,"76":2,"79":2,"82":2,"83":2,"85":1,"89":2,"92":1,"93":1,"94":1,"96":1,"97":1,"100":1,"101":1,"103":1,"106":1,"108":2,"114":1,"116":1,"118":1,"123":1,"124":2,"125":2,"126":3,"127":3,"128":3,"129":3,"130":1,"133":3,"134":3,"139":3,"143":1,"144":3,"145":1,"149":1,"150":1,"158":1,"160":1,"161":1,"162":1,"164":1,"166":1,"258":1,"259":1,"271":1,"274":6,"275":6,"277":1,"279":2,"281":1,"283":2,"288":1,"289":1,"291":1,"296":1,"303":1,"306":1,"307":1,"310":1,"311":1,"313":1,"314":1,"315":1,"316":1,"317":1,"318":1,"319":1,"321":1,"322":1,"324":1}},"/home/travis/build/npmtest/node-npmtest-compressjs/node_modules/compressjs/main.js":{"path":"/home/travis/build/npmtest/node-npmtest-compressjs/node_modules/compressjs/main.js","s":{"1":1,"2":1,"3":1,"4":1},"b":{"1":[1,0]},"f":{"1":1},"fnMap":{"1":{"name":"(anonymous_1)","line":2,"loc":{"start":{"line":2,"column":307},"end":{"line":2,"column":462}}}},"statementMap":{"1":{"start":{"line":1,"column":0},"end":{"line":1,"column":79}},"2":{"start":{"line":1,"column":36},"end":{"line":1,"column":77}},"3":{"start":{"line":2,"column":0},"end":{"line":29,"column":3}},"4":{"start":{"line":4,"column":4},"end":{"line":28,"column":7}}},"branchMap":{"1":{"line":1,"type":"if","locations":[{"start":{"line":1,"column":0},"end":{"line":1,"column":0}},{"start":{"line":1,"column":0},"end":{"line":1,"column":0}}]}},"code":["if (typeof define !== 'function') { var define = require('amdefine')(module); }","define(['./lib/freeze','./lib/BitStream','./lib/Stream','./lib/BWT','./lib/Context1Model','./lib/DefSumModel','./lib/FenwickModel','./lib/MTFModel','./lib/NoModel','./lib/Huffman','./lib/RangeCoder','./lib/BWTC','./lib/Bzip2','./lib/Dmc','./lib/Lzjb','./lib/LzjbR','./lib/Lzp3','./lib/PPM','./lib/Simple'], function(freeze,BitStream,Stream,BWT,Context1Model,DefSumModel,FenwickModel,MTFModel,NoModel,Huffman,RangeCoder,BWTC,Bzip2,Dmc,Lzjb,LzjbR,Lzp3,PPM,Simple) {","    'use strict';","    return freeze({","        version: \"0.0.1\",","        // APIs","        BitStream: BitStream,","        Stream: Stream,","        // transforms","        BWT: BWT,","        // models and coder","        Context1Model: Context1Model,","        DefSumModel: DefSumModel,","        FenwickModel: FenwickModel,","        MTFModel: MTFModel,","        NoModel: NoModel,","        Huffman: Huffman,","        RangeCoder: RangeCoder,","        // compression methods","        BWTC: BWTC,","        Bzip2: Bzip2,","        Dmc: Dmc,","        Lzjb: Lzjb,","        LzjbR: LzjbR,","        Lzp3: Lzp3,","        PPM: PPM,","        Simple: Simple","    });","});",""],"l":{"1":1,"2":1,"4":1}},"/home/travis/build/npmtest/node-npmtest-compressjs/node_modules/compressjs/lib/freeze.js":{"path":"/home/travis/build/npmtest/node-npmtest-compressjs/node_modules/compressjs/lib/freeze.js","s":{"1":1,"2":1,"3":1,"4":1,"5":1,"6":0,"7":0},"b":{"1":[1,0],"2":[1,0]},"f":{"1":1,"2":0},"fnMap":{"1":{"name":"(anonymous_1)","line":2,"loc":{"start":{"line":2,"column":10},"end":{"line":2,"column":20}}},"2":{"name":"(anonymous_2)","line":11,"loc":{"start":{"line":11,"column":11},"end":{"line":11,"column":23}}}},"statementMap":{"1":{"start":{"line":1,"column":0},"end":{"line":1,"column":79}},"2":{"start":{"line":1,"column":36},"end":{"line":1,"column":77}},"3":{"start":{"line":2,"column":0},"end":{"line":14,"column":3}},"4":{"start":{"line":8,"column":2},"end":{"line":12,"column":3}},"5":{"start":{"line":9,"column":4},"end":{"line":9,"column":25}},"6":{"start":{"line":11,"column":4},"end":{"line":11,"column":37}},"7":{"start":{"line":11,"column":25},"end":{"line":11,"column":34}}},"branchMap":{"1":{"line":1,"type":"if","locations":[{"start":{"line":1,"column":0},"end":{"line":1,"column":0}},{"start":{"line":1,"column":0},"end":{"line":1,"column":0}}]},"2":{"line":8,"type":"if","locations":[{"start":{"line":8,"column":2},"end":{"line":8,"column":2}},{"start":{"line":8,"column":2},"end":{"line":8,"column":2}}]}},"code":["if (typeof define !== 'function') { var define = require('amdefine')(module); }","define([],function(){","  'use strict';","","  // Object.freeze(), or a thunk if that method is not present in this","  // JavaScript environment.","","  if (Object.freeze) {","    return Object.freeze;","  } else {","    return function(o) { return o; };","  }","","});",""],"l":{"1":1,"2":1,"8":1,"9":1,"11":0}},"/home/travis/build/npmtest/node-npmtest-compressjs/node_modules/compressjs/lib/BitStream.js":{"path":"/home/travis/build/npmtest/node-npmtest-compressjs/node_modules/compressjs/lib/BitStream.js","s":{"1":1,"2":1,"3":1,"4":1,"5":0,"6":0,"7":0,"8":0,"9":0,"10":0,"11":0,"12":0,"13":0,"14":0,"15":0,"16":0,"17":0,"18":0,"19":0,"20":0,"21":0,"22":0,"23":0,"24":0,"25":0,"26":0,"27":0,"28":0,"29":0,"30":0,"31":0,"32":0,"33":0,"34":0,"35":0,"36":0,"37":0,"38":0,"39":0,"40":0,"41":0,"42":0,"43":0,"44":0,"45":0,"46":0,"47":0,"48":0,"49":0,"50":0,"51":0,"52":0,"53":0,"54":0,"55":1,"56":1,"57":1,"58":0,"59":0,"60":0,"61":0,"62":0,"63":0,"64":0,"65":0,"66":0,"67":1,"68":0,"69":0,"70":0,"71":0,"72":0,"73":0,"74":0,"75":0,"76":0,"77":1},"b":{"1":[1,0],"2":[0,0],"3":[0,0],"4":[0,0],"5":[0,0],"6":[0,0],"7":[0,0],"8":[0,0],"9":[0,0],"10":[0,0],"11":[0,0],"12":[0,0]},"f":{"1":1,"2":0,"3":0,"4":0,"5":0,"6":0,"7":0,"8":0,"9":0,"10":0,"11":0,"12":0,"13":0,"14":0},"fnMap":{"1":{"name":"(anonymous_1)","line":3,"loc":{"start":{"line":3,"column":20},"end":{"line":3,"column":37}}},"2":{"name":"(anonymous_2)","line":5,"loc":{"start":{"line":5,"column":20},"end":{"line":5,"column":37}}},"3":{"name":"(anonymous_3)","line":6,"loc":{"start":{"line":6,"column":9},"end":{"line":6,"column":20}}},"4":{"name":"(anonymous_4)","line":8,"loc":{"start":{"line":8,"column":27},"end":{"line":8,"column":38}}},"5":{"name":"(anonymous_5)","line":22,"loc":{"start":{"line":22,"column":27},"end":{"line":22,"column":41}}},"6":{"name":"(anonymous_6)","line":29,"loc":{"start":{"line":29,"column":27},"end":{"line":29,"column":38}}},"7":{"name":"(anonymous_7)","line":39,"loc":{"start":{"line":39,"column":28},"end":{"line":39,"column":39}}},"8":{"name":"(anonymous_8)","line":45,"loc":{"start":{"line":45,"column":24},"end":{"line":45,"column":38}}},"9":{"name":"(anonymous_9)","line":50,"loc":{"start":{"line":50,"column":9},"end":{"line":50,"column":20}}},"10":{"name":"(anonymous_10)","line":52,"loc":{"start":{"line":52,"column":28},"end":{"line":52,"column":40}}},"11":{"name":"(anonymous_11)","line":61,"loc":{"start":{"line":61,"column":29},"end":{"line":61,"column":45}}},"12":{"name":"(anonymous_12)","line":68,"loc":{"start":{"line":68,"column":25},"end":{"line":68,"column":36}}},"13":{"name":"(anonymous_13)","line":80,"loc":{"start":{"line":80,"column":35},"end":{"line":80,"column":47}}},"14":{"name":"(anonymous_14)","line":93,"loc":{"start":{"line":93,"column":36},"end":{"line":93,"column":55}}}},"statementMap":{"1":{"start":{"line":2,"column":0},"end":{"line":2,"column":79}},"2":{"start":{"line":2,"column":36},"end":{"line":2,"column":77}},"3":{"start":{"line":3,"column":0},"end":{"line":108,"column":3}},"4":{"start":{"line":5,"column":4},"end":{"line":75,"column":6}},"5":{"start":{"line":6,"column":8},"end":{"line":49,"column":22}},"6":{"start":{"line":7,"column":12},"end":{"line":7,"column":35}},"7":{"start":{"line":8,"column":12},"end":{"line":20,"column":14}},"8":{"start":{"line":9,"column":16},"end":{"line":16,"column":17}},"9":{"start":{"line":10,"column":20},"end":{"line":10,"column":47}},"10":{"start":{"line":11,"column":20},"end":{"line":14,"column":21}},"11":{"start":{"line":12,"column":24},"end":{"line":12,"column":41}},"12":{"start":{"line":13,"column":24},"end":{"line":13,"column":34}},"13":{"start":{"line":15,"column":20},"end":{"line":15,"column":47}},"14":{"start":{"line":17,"column":16},"end":{"line":17,"column":55}},"15":{"start":{"line":18,"column":16},"end":{"line":18,"column":33}},"16":{"start":{"line":19,"column":16},"end":{"line":19,"column":27}},"17":{"start":{"line":22,"column":12},"end":{"line":28,"column":14}},"18":{"start":{"line":23,"column":16},"end":{"line":23,"column":39}},"19":{"start":{"line":24,"column":16},"end":{"line":24,"column":45}},"20":{"start":{"line":25,"column":16},"end":{"line":25,"column":34}},"21":{"start":{"line":26,"column":16},"end":{"line":26,"column":34}},"22":{"start":{"line":27,"column":16},"end":{"line":27,"column":37}},"23":{"start":{"line":29,"column":12},"end":{"line":37,"column":14}},"24":{"start":{"line":30,"column":16},"end":{"line":30,"column":44}},"25":{"start":{"line":31,"column":16},"end":{"line":31,"column":35}},"26":{"start":{"line":32,"column":16},"end":{"line":35,"column":17}},"27":{"start":{"line":33,"column":20},"end":{"line":33,"column":26}},"28":{"start":{"line":34,"column":20},"end":{"line":34,"column":28}},"29":{"start":{"line":36,"column":16},"end":{"line":36,"column":27}},"30":{"start":{"line":39,"column":12},"end":{"line":44,"column":14}},"31":{"start":{"line":40,"column":16},"end":{"line":42,"column":17}},"32":{"start":{"line":41,"column":20},"end":{"line":41,"column":45}},"33":{"start":{"line":43,"column":16},"end":{"line":43,"column":40}},"34":{"start":{"line":45,"column":12},"end":{"line":48,"column":14}},"35":{"start":{"line":46,"column":16},"end":{"line":46,"column":33}},"36":{"start":{"line":47,"column":16},"end":{"line":47,"column":35}},"37":{"start":{"line":50,"column":8},"end":{"line":74,"column":22}},"38":{"start":{"line":51,"column":12},"end":{"line":51,"column":31}},"39":{"start":{"line":52,"column":12},"end":{"line":59,"column":14}},"40":{"start":{"line":53,"column":16},"end":{"line":53,"column":33}},"41":{"start":{"line":54,"column":16},"end":{"line":54,"column":43}},"42":{"start":{"line":54,"column":25},"end":{"line":54,"column":41}},"43":{"start":{"line":55,"column":16},"end":{"line":58,"column":17}},"44":{"start":{"line":56,"column":20},"end":{"line":56,"column":56}},"45":{"start":{"line":57,"column":20},"end":{"line":57,"column":35}},"46":{"start":{"line":61,"column":12},"end":{"line":67,"column":14}},"47":{"start":{"line":62,"column":16},"end":{"line":66,"column":17}},"48":{"start":{"line":63,"column":20},"end":{"line":63,"column":44}},"49":{"start":{"line":65,"column":20},"end":{"line":65,"column":47}},"50":{"start":{"line":68,"column":12},"end":{"line":73,"column":14}},"51":{"start":{"line":69,"column":16},"end":{"line":71,"column":17}},"52":{"start":{"line":70,"column":20},"end":{"line":70,"column":37}},"53":{"start":{"line":72,"column":16},"end":{"line":72,"column":53}},"54":{"start":{"line":72,"column":36},"end":{"line":72,"column":51}},"55":{"start":{"line":77,"column":4},"end":{"line":77,"column":31}},"56":{"start":{"line":78,"column":4},"end":{"line":78,"column":58}},"57":{"start":{"line":80,"column":4},"end":{"line":92,"column":6}},"58":{"start":{"line":81,"column":8},"end":{"line":81,"column":24}},"59":{"start":{"line":82,"column":8},"end":{"line":85,"column":9}},"60":{"start":{"line":83,"column":12},"end":{"line":83,"column":44}},"61":{"start":{"line":84,"column":12},"end":{"line":84,"column":41}},"62":{"start":{"line":86,"column":8},"end":{"line":90,"column":9}},"63":{"start":{"line":87,"column":12},"end":{"line":87,"column":20}},"64":{"start":{"line":89,"column":12},"end":{"line":89,"column":44}},"65":{"start":{"line":89,"column":38},"end":{"line":89,"column":42}},"66":{"start":{"line":91,"column":8},"end":{"line":91,"column":17}},"67":{"start":{"line":93,"column":4},"end":{"line":105,"column":6}},"68":{"start":{"line":94,"column":8},"end":{"line":100,"column":9}},"69":{"start":{"line":95,"column":12},"end":{"line":95,"column":39}},"70":{"start":{"line":96,"column":12},"end":{"line":96,"column":49}},"71":{"start":{"line":97,"column":12},"end":{"line":97,"column":39}},"72":{"start":{"line":98,"column":12},"end":{"line":98,"column":36}},"73":{"start":{"line":99,"column":12},"end":{"line":99,"column":19}},"74":{"start":{"line":101,"column":8},"end":{"line":101,"column":14}},"75":{"start":{"line":102,"column":8},"end":{"line":104,"column":9}},"76":{"start":{"line":103,"column":12},"end":{"line":103,"column":47}},"77":{"start":{"line":107,"column":4},"end":{"line":107,"column":21}}},"branchMap":{"1":{"line":2,"type":"if","locations":[{"start":{"line":2,"column":0},"end":{"line":2,"column":0}},{"start":{"line":2,"column":0},"end":{"line":2,"column":0}}]},"2":{"line":9,"type":"if","locations":[{"start":{"line":9,"column":16},"end":{"line":9,"column":16}},{"start":{"line":9,"column":16},"end":{"line":9,"column":16}}]},"3":{"line":11,"type":"if","locations":[{"start":{"line":11,"column":20},"end":{"line":11,"column":20}},{"start":{"line":11,"column":20},"end":{"line":11,"column":20}}]},"4":{"line":17,"type":"cond-expr","locations":[{"start":{"line":17,"column":49},"end":{"line":17,"column":50}},{"start":{"line":17,"column":53},"end":{"line":17,"column":54}}]},"5":{"line":40,"type":"if","locations":[{"start":{"line":40,"column":16},"end":{"line":40,"column":16}},{"start":{"line":40,"column":16},"end":{"line":40,"column":16}}]},"6":{"line":54,"type":"if","locations":[{"start":{"line":54,"column":16},"end":{"line":54,"column":16}},{"start":{"line":54,"column":16},"end":{"line":54,"column":16}}]},"7":{"line":55,"type":"if","locations":[{"start":{"line":55,"column":16},"end":{"line":55,"column":16}},{"start":{"line":55,"column":16},"end":{"line":55,"column":16}}]},"8":{"line":62,"type":"if","locations":[{"start":{"line":62,"column":16},"end":{"line":62,"column":16}},{"start":{"line":62,"column":16},"end":{"line":62,"column":16}}]},"9":{"line":72,"type":"if","locations":[{"start":{"line":72,"column":16},"end":{"line":72,"column":16}},{"start":{"line":72,"column":16},"end":{"line":72,"column":16}}]},"10":{"line":82,"type":"if","locations":[{"start":{"line":82,"column":8},"end":{"line":82,"column":8}},{"start":{"line":82,"column":8},"end":{"line":82,"column":8}}]},"11":{"line":89,"type":"if","locations":[{"start":{"line":89,"column":12},"end":{"line":89,"column":12}},{"start":{"line":89,"column":12},"end":{"line":89,"column":12}}]},"12":{"line":94,"type":"if","locations":[{"start":{"line":94,"column":8},"end":{"line":94,"column":8}},{"start":{"line":94,"column":8},"end":{"line":94,"column":8}}]}},"code":["/** Big-Endian Bit Stream, implemented on top of a (normal byte) stream. */","if (typeof define !== 'function') { var define = require('amdefine')(module); }","define(['./Stream'],function(Stream) {","","    var BitStream = function(stream) {","        (function() {","            var bufferByte = 0x100; // private var for readers","            this.readBit = function() {","                if ((bufferByte & 0xFF) === 0) {","                    var ch = stream.readByte();","                    if (ch === Stream.EOF) {","                        this._eof = true;","                        return ch; /* !!! */","                    }","                    bufferByte = (ch << 1) | 1;","                }","                var bit = (bufferByte & 0x100) ? 1 : 0;","                bufferByte <<= 1;","                return bit;","            };","            // seekable iff the provided stream is","            this.seekBit = function(pos) {","                var n_byte = pos >>> 3;","                var n_bit = pos - (n_byte*8);","                this.seek(n_byte);","                this._eof = false;","                this.readBits(n_bit);","            };","            this.tellBit = function() {","                var pos = stream.tell() * 8;","                var b = bufferByte;","                while ((b & 0xFF) !== 0) {","                    pos--;","                    b <<= 1;","                }","                return pos;","            };","            // implement byte stream interface as well.","            this.readByte = function() {","                if ((bufferByte & 0xFF) === 0) {","                    return stream.readByte();","                }","                return this.readBits(8);","            };","            this.seek = function(pos) {","                stream.seek(pos);","                bufferByte = 0x100;","            };","        }).call(this);","        (function() {","            var bufferByte = 1; // private var for writers","            this.writeBit = function(b) {","                bufferByte <<= 1;","                if (b) { bufferByte |= 1; }","                if (bufferByte & 0x100) {","                    stream.writeByte(bufferByte & 0xFF);","                    bufferByte = 1;","                }","            };","            // implement byte stream interface as well","            this.writeByte = function(_byte) {","                if (bufferByte===1) {","                    stream.writeByte(_byte);","                } else {","                    stream.writeBits(8, _byte);","                }","            };","            this.flush = function() {","                while (bufferByte !== 1) {","                    this.writeBit(0);","                }","                if (stream.flush) { stream.flush(); }","            };","        }).call(this);","    };","    // inherit read/write methods from Stream.","    BitStream.EOF = Stream.EOF;","    BitStream.prototype = Object.create(Stream.prototype);","    // bit chunk read/write","    BitStream.prototype.readBits = function(n) {","        var i, r = 0, b;","        if (n > 31) {","            r = this.readBits(n-16)*0x10000; // fp multiply, not shift","            return r + this.readBits(16);","        }","        for (i = 0; i < n; i++) {","            r <<= 1; // this could make a negative value if n>31","            // bits read past EOF are all zeros!","            if (this.readBit() > 0) { r++; }","        }","        return r;","    };","    BitStream.prototype.writeBits = function(n, value) {","        if (n > 32) {","            var low = (value & 0xFFFF);","            var high = (value - low) / (0x10000); // fp division, not shift","            this.writeBits(n-16, high);","            this.writeBits(16, low);","            return;","        }","        var i;","        for (i = n-1; i >= 0; i--) {","            this.writeBit( (value >>> i) & 1 );","        }","    };","","    return BitStream;","});",""],"l":{"2":1,"3":1,"5":1,"6":0,"7":0,"8":0,"9":0,"10":0,"11":0,"12":0,"13":0,"15":0,"17":0,"18":0,"19":0,"22":0,"23":0,"24":0,"25":0,"26":0,"27":0,"29":0,"30":0,"31":0,"32":0,"33":0,"34":0,"36":0,"39":0,"40":0,"41":0,"43":0,"45":0,"46":0,"47":0,"50":0,"51":0,"52":0,"53":0,"54":0,"55":0,"56":0,"57":0,"61":0,"62":0,"63":0,"65":0,"68":0,"69":0,"70":0,"72":0,"77":1,"78":1,"80":1,"81":0,"82":0,"83":0,"84":0,"86":0,"87":0,"89":0,"91":0,"93":1,"94":0,"95":0,"96":0,"97":0,"98":0,"99":0,"101":0,"102":0,"103":0,"107":1}},"/home/travis/build/npmtest/node-npmtest-compressjs/node_modules/compressjs/lib/Stream.js":{"path":"/home/travis/build/npmtest/node-npmtest-compressjs/node_modules/compressjs/lib/Stream.js","s":{"1":1,"2":1,"3":1,"4":1,"5":1,"6":1,"7":0,"8":0,"9":0,"10":0,"11":0,"12":0,"13":1,"14":0,"15":0,"16":0,"17":0,"18":0,"19":0,"20":0,"21":0,"22":1,"23":0,"24":1,"25":0,"26":1,"27":0,"28":1,"29":0,"30":0,"31":1,"32":0,"33":0,"34":0,"35":0,"36":1,"37":1,"38":1},"b":{"1":[1,0],"2":[0,0],"3":[0,0]},"f":{"1":1,"2":0,"3":0,"4":0,"5":0,"6":0,"7":0,"8":0,"9":0,"10":0},"fnMap":{"1":{"name":"(anonymous_1)","line":3,"loc":{"start":{"line":3,"column":20},"end":{"line":3,"column":37}}},"2":{"name":"(anonymous_2)","line":6,"loc":{"start":{"line":6,"column":17},"end":{"line":6,"column":28}}},"3":{"name":"(anonymous_3)","line":10,"loc":{"start":{"line":10,"column":32},"end":{"line":10,"column":43}}},"4":{"name":"(anonymous_4)","line":16,"loc":{"start":{"line":16,"column":28},"end":{"line":16,"column":61}}},"5":{"name":"(anonymous_5)","line":26,"loc":{"start":{"line":26,"column":27},"end":{"line":26,"column":38}}},"6":{"name":"(anonymous_6)","line":28,"loc":{"start":{"line":28,"column":28},"end":{"line":28,"column":42}}},"7":{"name":"(anonymous_7)","line":31,"loc":{"start":{"line":31,"column":28},"end":{"line":31,"column":39}}},"8":{"name":"(anonymous_8)","line":35,"loc":{"start":{"line":35,"column":33},"end":{"line":35,"column":49}}},"9":{"name":"(anonymous_9)","line":39,"loc":{"start":{"line":39,"column":29},"end":{"line":39,"column":62}}},"10":{"name":"(anonymous_10)","line":47,"loc":{"start":{"line":47,"column":29},"end":{"line":47,"column":40}}}},"statementMap":{"1":{"start":{"line":2,"column":0},"end":{"line":2,"column":79}},"2":{"start":{"line":2,"column":36},"end":{"line":2,"column":77}},"3":{"start":{"line":3,"column":0},"end":{"line":53,"column":3}},"4":{"start":{"line":4,"column":4},"end":{"line":4,"column":17}},"5":{"start":{"line":6,"column":4},"end":{"line":8,"column":6}},"6":{"start":{"line":10,"column":4},"end":{"line":15,"column":6}},"7":{"start":{"line":11,"column":8},"end":{"line":11,"column":24}},"8":{"start":{"line":12,"column":8},"end":{"line":12,"column":39}},"9":{"start":{"line":13,"column":8},"end":{"line":13,"column":54}},"10":{"start":{"line":13,"column":23},"end":{"line":13,"column":40}},"11":{"start":{"line":13,"column":41},"end":{"line":13,"column":52}},"12":{"start":{"line":14,"column":8},"end":{"line":14,"column":22}},"13":{"start":{"line":16,"column":4},"end":{"line":24,"column":6}},"14":{"start":{"line":17,"column":8},"end":{"line":17,"column":30}},"15":{"start":{"line":18,"column":8},"end":{"line":22,"column":9}},"16":{"start":{"line":19,"column":12},"end":{"line":19,"column":33}},"17":{"start":{"line":20,"column":12},"end":{"line":20,"column":56}},"18":{"start":{"line":20,"column":30},"end":{"line":20,"column":47}},"19":{"start":{"line":20,"column":48},"end":{"line":20,"column":54}},"20":{"start":{"line":21,"column":12},"end":{"line":21,"column":46}},"21":{"start":{"line":23,"column":8},"end":{"line":23,"column":25}},"22":{"start":{"line":26,"column":4},"end":{"line":26,"column":62}},"23":{"start":{"line":26,"column":40},"end":{"line":26,"column":59}},"24":{"start":{"line":28,"column":4},"end":{"line":30,"column":6}},"25":{"start":{"line":29,"column":8},"end":{"line":29,"column":51}},"26":{"start":{"line":31,"column":4},"end":{"line":33,"column":6}},"27":{"start":{"line":32,"column":8},"end":{"line":32,"column":51}},"28":{"start":{"line":35,"column":4},"end":{"line":38,"column":6}},"29":{"start":{"line":36,"column":8},"end":{"line":36,"column":28}},"30":{"start":{"line":37,"column":8},"end":{"line":37,"column":30}},"31":{"start":{"line":39,"column":4},"end":{"line":45,"column":6}},"32":{"start":{"line":40,"column":8},"end":{"line":40,"column":14}},"33":{"start":{"line":41,"column":8},"end":{"line":43,"column":9}},"34":{"start":{"line":42,"column":12},"end":{"line":42,"column":47}},"35":{"start":{"line":44,"column":8},"end":{"line":44,"column":22}},"36":{"start":{"line":47,"column":4},"end":{"line":47,"column":44}},"37":{"start":{"line":50,"column":4},"end":{"line":50,"column":21}},"38":{"start":{"line":52,"column":4},"end":{"line":52,"column":26}}},"branchMap":{"1":{"line":2,"type":"if","locations":[{"start":{"line":2,"column":0},"end":{"line":2,"column":0}},{"start":{"line":2,"column":0},"end":{"line":2,"column":0}}]},"2":{"line":13,"type":"if","locations":[{"start":{"line":13,"column":8},"end":{"line":13,"column":8}},{"start":{"line":13,"column":8},"end":{"line":13,"column":8}}]},"3":{"line":20,"type":"if","locations":[{"start":{"line":20,"column":12},"end":{"line":20,"column":12}},{"start":{"line":20,"column":12},"end":{"line":20,"column":12}}]}},"code":["/** Abstract Stream interface, for byte-oriented i/o. */","if (typeof define !== 'function') { var define = require('amdefine')(module); }","define(['./freeze'],function(freeze) {","    var EOF = -1;","","    var Stream = function() {","        /* ABSTRACT */","    };","    // you must define one of read / readByte for a readable stream","    Stream.prototype.readByte = function() {","        var buf = [ 0 ];","        var len = this.read(buf, 0, 1);","        if (len===0) { this._eof = true; return EOF; }","        return buf[0];","    };","    Stream.prototype.read = function(buf, bufOffset, length) {","        var ch, bytesRead = 0;","        while (bytesRead < length) {","            ch = this.readByte();","            if (ch === EOF) { this._eof = true; break; }","            buf[bufOffset+(bytesRead++)] = ch;","        }","        return bytesRead;","    };","    // reasonable default implementation of 'eof'","    Stream.prototype.eof = function() { return !!this._eof; };","    // not all readable streams are seekable","    Stream.prototype.seek = function(pos) {","        throw new Error('Stream is not seekable.');","    };","    Stream.prototype.tell = function() {","        throw new Error('Stream is not seekable.');","    };","    // you must define one of write / writeByte for a writable stream","    Stream.prototype.writeByte = function(_byte) {","        var buf = [ _byte ];","        this.write(buf, 0, 1);","    };","    Stream.prototype.write = function(buf, bufOffset, length) {","        var i;","        for (i=0; i<length; i++) {","            this.writeByte(buf[bufOffset + i]);","        }","        return length;","    };","    // flush will happily do nothing if you don't override it.","    Stream.prototype.flush = function() { };","","    // export EOF as a constant.","    Stream.EOF = EOF;","","    return freeze(Stream);","});",""],"l":{"2":1,"3":1,"4":1,"6":1,"10":1,"11":0,"12":0,"13":0,"14":0,"16":1,"17":0,"18":0,"19":0,"20":0,"21":0,"23":0,"26":1,"28":1,"29":0,"31":1,"32":0,"35":1,"36":0,"37":0,"39":1,"40":0,"41":0,"42":0,"44":0,"47":1,"50":1,"52":1}},"/home/travis/build/npmtest/node-npmtest-compressjs/node_modules/compressjs/lib/BWT.js":{"path":"/home/travis/build/npmtest/node-npmtest-compressjs/node_modules/compressjs/lib/BWT.js","s":{"1":1,"2":1,"3":1,"4":1,"5":1,"6":0,"7":0,"8":0,"9":0,"10":0,"11":1,"12":0,"13":0,"14":0,"15":0,"16":0,"17":0,"18":0,"19":0,"20":1,"21":0,"22":0,"23":0,"24":0,"25":0,"26":0,"27":0,"28":0,"29":0,"30":0,"31":0,"32":0,"33":0,"34":0,"35":0,"36":0,"37":0,"38":0,"39":0,"40":0,"41":0,"42":0,"43":0,"44":0,"45":0,"46":0,"47":0,"48":0,"49":0,"50":0,"51":0,"52":0,"53":0,"54":0,"55":1,"56":0,"57":0,"58":0,"59":0,"60":0,"61":0,"62":0,"63":0,"64":0,"65":0,"66":0,"67":0,"68":0,"69":0,"70":0,"71":0,"72":0,"73":0,"74":0,"75":0,"76":0,"77":0,"78":0,"79":0,"80":0,"81":0,"82":0,"83":0,"84":0,"85":0,"86":0,"87":0,"88":0,"89":0,"90":0,"91":0,"92":0,"93":0,"94":0,"95":0,"96":0,"97":1,"98":0,"99":0,"100":0,"101":0,"102":0,"103":0,"104":0,"105":0,"106":0,"107":0,"108":0,"109":0,"110":0,"111":0,"112":0,"113":0,"114":0,"115":0,"116":0,"117":0,"118":0,"119":0,"120":0,"121":0,"122":0,"123":0,"124":0,"125":0,"126":0,"127":0,"128":0,"129":0,"130":1,"131":0,"132":0,"133":0,"134":0,"135":0,"136":0,"137":0,"138":0,"139":0,"140":0,"141":0,"142":0,"143":0,"144":0,"145":0,"146":0,"147":0,"148":0,"149":0,"150":0,"151":0,"152":0,"153":0,"154":0,"155":0,"156":0,"157":0,"158":0,"159":0,"160":0,"161":0,"162":0,"163":0,"164":0,"165":0,"166":0,"167":0,"168":1,"169":0,"170":0,"171":0,"172":0,"173":0,"174":0,"175":0,"176":0,"177":0,"178":0,"179":0,"180":0,"181":0,"182":0,"183":0,"184":0,"185":0,"186":0,"187":0,"188":0,"189":0,"190":0,"191":0,"192":0,"193":0,"194":0,"195":0,"196":0,"197":0,"198":0,"199":0,"200":0,"201":0,"202":0,"203":0,"204":0,"205":0,"206":0,"207":0,"208":0,"209":0,"210":0,"211":0,"212":0,"213":0,"214":0,"215":0,"216":0,"217":0,"218":0,"219":0,"220":0,"221":0,"222":0,"223":0,"224":0,"225":0,"226":0,"227":0,"228":0,"229":0,"230":0,"231":0,"232":0,"233":0,"234":0,"235":0,"236":0,"237":0,"238":0,"239":0,"240":0,"241":0,"242":0,"243":0,"244":0,"245":0,"246":0,"247":0,"248":0,"249":0,"250":0,"251":0,"252":0,"253":0,"254":0,"255":0,"256":0,"257":0,"258":0,"259":0,"260":0,"261":0,"262":0,"263":0,"264":0,"265":0,"266":0,"267":0,"268":0,"269":0,"270":0,"271":0,"272":0,"273":0,"274":0,"275":0,"276":0,"277":0,"278":0,"279":0,"280":0,"281":0,"282":1,"283":1,"284":0,"285":0,"286":0,"287":0,"288":0,"289":0,"290":0,"291":0,"292":0,"293":0,"294":0,"295":0,"296":0,"297":0,"298":0,"299":1,"300":0,"301":0,"302":0,"303":0,"304":0,"305":0,"306":0,"307":0,"308":0,"309":0,"310":0,"311":0,"312":0,"313":0,"314":0,"315":0,"316":0,"317":0,"318":0,"319":0,"320":0,"321":0,"322":0,"323":1,"324":0,"325":0,"326":0,"327":0,"328":0,"329":0,"330":0,"331":0,"332":0,"333":0,"334":0,"335":0,"336":0,"337":1,"338":0,"339":0,"340":0,"341":0,"342":0,"343":0,"344":0,"345":0,"346":0,"347":0,"348":0,"349":0,"350":0,"351":0,"352":0,"353":0,"354":0,"355":0,"356":0,"357":0,"358":0,"359":0,"360":0,"361":0,"362":0,"363":0,"364":0,"365":0,"366":0,"367":0,"368":0,"369":0,"370":0,"371":0,"372":0,"373":0,"374":0,"375":0,"376":0,"377":0,"378":0,"379":1},"b":{"1":[1,0],"2":[0,0],"3":[0,0],"4":[0,0],"5":[0,0],"6":[0,0],"7":[0,0],"8":[0,0],"9":[0,0],"10":[0,0],"11":[0,0],"12":[0,0],"13":[0,0],"14":[0,0],"15":[0,0],"16":[0,0],"17":[0,0],"18":[0,0],"19":[0,0],"20":[0,0],"21":[0,0],"22":[0,0],"23":[0,0],"24":[0,0],"25":[0,0],"26":[0,0],"27":[0,0],"28":[0,0],"29":[0,0],"30":[0,0],"31":[0,0],"32":[0,0],"33":[0,0],"34":[0,0],"35":[0,0],"36":[0,0],"37":[0,0],"38":[0,0],"39":[0,0],"40":[0,0],"41":[0,0],"42":[0,0],"43":[0,0],"44":[0,0],"45":[0,0],"46":[0,0],"47":[0,0],"48":[0,0],"49":[0,0],"50":[0,0],"51":[0,0],"52":[0,0],"53":[0,0],"54":[0,0],"55":[0,0],"56":[0,0],"57":[0,0],"58":[0,0],"59":[0,0],"60":[0,0],"61":[0,0],"62":[0,0],"63":[0,0],"64":[0,0],"65":[0,0],"66":[0,0],"67":[0,0],"68":[0,0],"69":[0,0],"70":[0,0],"71":[0,0],"72":[0,0],"73":[0,0],"74":[0,0],"75":[0,0],"76":[0,0],"77":[0,0],"78":[0,0],"79":[0,0,0,0],"80":[0,0],"81":[0,0],"82":[0,0],"83":[0,0],"84":[0,0],"85":[0,0],"86":[0,0,0],"87":[0,0,0],"88":[0,0],"89":[0,0],"90":[0,0],"91":[0,0],"92":[0,0],"93":[0,0],"94":[0,0],"95":[0,0],"96":[0,0],"97":[0,0],"98":[0,0],"99":[0,0],"100":[0,0],"101":[0,0],"102":[0,0],"103":[0,0],"104":[0,0],"105":[0,0],"106":[0,0],"107":[0,0],"108":[0,0],"109":[0,0]},"f":{"1":1,"2":0,"3":0,"4":0,"5":0,"6":0,"7":0,"8":0,"9":0,"10":0,"11":0,"12":0},"fnMap":{"1":{"name":"(anonymous_1)","line":14,"loc":{"start":{"line":14,"column":31},"end":{"line":14,"column":54}}},"2":{"name":"(anonymous_2)","line":21,"loc":{"start":{"line":21,"column":20},"end":{"line":21,"column":41}}},"3":{"name":"(anonymous_3)","line":26,"loc":{"start":{"line":26,"column":21},"end":{"line":26,"column":44}}},"4":{"name":"(anonymous_4)","line":36,"loc":{"start":{"line":36,"column":18},"end":{"line":36,"column":46}}},"5":{"name":"(anonymous_5)","line":73,"loc":{"start":{"line":73,"column":22},
[...]
) {","                var ch = block[i];","                encoder.encodeFreq(counts[ch+1]-counts[ch], counts[ch],","                                   counts[256]);","            }","        }","        // write a stop bit","        encoder.encodeBit(false);","        // done!","        encoder.encodeFinish();","    }, true);","    Simple.decompressFile = Util.decompressFileHelper(Simple.MAGIC, function(input, output, size) {","        var decoder = new RangeCoder(input);","        decoder.decodeStart(true/*we already read the 'free' byte*/);","        while (decoder.decodeBit()) {","            var i, counts = [];","            // read all the statistics","            for (i=0; i<256; i++) {","                counts[i] = decoder.decodeShort();","            }","            // compute cumulative stats & total block size","            var blocksize = 0;","            for (i=0; i<256; i++) {","                var tmp = counts[i];","                counts[i] = blocksize;","                blocksize += tmp;","            }","            counts[256] = blocksize;","","            for (i=0; i<blocksize; i++) {","                var cf = decoder.decodeCulFreq(blocksize);","                // inefficient way to look up the symbol.","                var symbol;","                for (symbol=0; symbol<256; symbol++)","                    // careful, there are length-0 ranges","                    // (where counts[symbol]===counts[symbol+1])","                    if (counts[symbol]<=cf && cf < counts[symbol+1])","                        break;","                var ch = symbol;","                decoder.decodeUpdate(counts[symbol+1] - counts[symbol],","                                     counts[symbol], blocksize);","                output.writeByte(symbol);","            }","        }","        decoder.decodeFinish();","    });","    return Simple;","});",""],"l":{"5":1,"6":1,"7":1,"9":1,"10":1,"11":1,"12":0,"13":0,"16":0,"17":0,"18":0,"20":0,"21":0,"23":0,"24":0,"26":0,"27":0,"28":0,"30":0,"31":0,"32":0,"33":0,"34":0,"36":0,"37":0,"39":0,"40":0,"43":0,"46":0,"47":0,"48":0,"49":0,"50":0,"53":0,"55":0,"56":0,"59":0,"60":0,"61":0,"64":0,"65":0,"66":0,"71":0,"73":0,"75":1,"76":0,"77":0,"78":0,"79":0,"81":0,"82":0,"85":0,"86":0,"87":0,"88":0,"89":0,"91":0,"93":0,"94":0,"96":0,"97":0,"100":0,"101":0,"102":0,"103":0,"105":0,"108":0,"110":1}},"/home/travis/build/npmtest/node-npmtest-compressjs/node_modules/compressjs/lib/DeflateDistanceModel.js":{"path":"/home/travis/build/npmtest/node-npmtest-compressjs/node_modules/compressjs/lib/DeflateDistanceModel.js","s":{"1":1,"2":1,"3":1,"4":1,"5":0,"6":0,"7":0,"8":0,"9":0,"10":0,"11":0,"12":0,"13":1,"14":0,"15":0,"16":0,"17":0,"18":0,"19":0,"20":0,"21":0,"22":0,"23":0,"24":0,"25":1,"26":0,"27":0,"28":0,"29":0,"30":0,"31":0,"32":0,"33":1},"b":{"1":[1,0],"2":[0,0],"3":[0,0],"4":[0,0],"5":[0,0]},"f":{"1":1,"2":0,"3":0,"4":0},"fnMap":{"1":{"name":"(anonymous_1)","line":7,"loc":{"start":{"line":7,"column":18},"end":{"line":7,"column":32}}},"2":{"name":"(anonymous_2)","line":11,"loc":{"start":{"line":11,"column":31},"end":{"line":13,"column":64}}},"3":{"name":"(anonymous_3)","line":29,"loc":{"start":{"line":29,"column":44},"end":{"line":29,"column":63}}},"4":{"name":"(anonymous_4)","line":44,"loc":{"start":{"line":44,"column":44},"end":{"line":44,"column":55}}}},"statementMap":{"1":{"start":{"line":6,"column":0},"end":{"line":6,"column":79}},"2":{"start":{"line":6,"column":36},"end":{"line":6,"column":77}},"3":{"start":{"line":7,"column":0},"end":{"line":55,"column":3}},"4":{"start":{"line":11,"column":4},"end":{"line":26,"column":6}},"5":{"start":{"line":14,"column":8},"end":{"line":14,"column":14}},"6":{"start":{"line":15,"column":8},"end":{"line":15,"column":36}},"7":{"start":{"line":16,"column":8},"end":{"line":16,"column":45}},"8":{"start":{"line":17,"column":8},"end":{"line":17,"column":76}},"9":{"start":{"line":21,"column":8},"end":{"line":21,"column":32}},"10":{"start":{"line":22,"column":8},"end":{"line":25,"column":9}},"11":{"start":{"line":23,"column":12},"end":{"line":23,"column":32}},"12":{"start":{"line":24,"column":12},"end":{"line":24,"column":71}},"13":{"start":{"line":29,"column":4},"end":{"line":43,"column":6}},"14":{"start":{"line":30,"column":8},"end":{"line":33,"column":9}},"15":{"start":{"line":31,"column":12},"end":{"line":31,"column":69}},"16":{"start":{"line":32,"column":12},"end":{"line":32,"column":19}},"17":{"start":{"line":34,"column":8},"end":{"line":34,"column":44}},"18":{"start":{"line":35,"column":8},"end":{"line":35,"column":55}},"19":{"start":{"line":36,"column":8},"end":{"line":36,"column":40}},"20":{"start":{"line":37,"column":8},"end":{"line":37,"column":65}},"21":{"start":{"line":38,"column":8},"end":{"line":38,"column":49}},"22":{"start":{"line":39,"column":8},"end":{"line":39,"column":58}},"23":{"start":{"line":41,"column":8},"end":{"line":41,"column":58}},"24":{"start":{"line":42,"column":8},"end":{"line":42,"column":52}},"25":{"start":{"line":44,"column":4},"end":{"line":53,"column":6}},"26":{"start":{"line":45,"column":8},"end":{"line":45,"column":65}},"27":{"start":{"line":46,"column":8},"end":{"line":48,"column":9}},"28":{"start":{"line":47,"column":12},"end":{"line":47,"column":21}},"29":{"start":{"line":49,"column":8},"end":{"line":49,"column":28}},"30":{"start":{"line":50,"column":8},"end":{"line":50,"column":43}},"31":{"start":{"line":51,"column":8},"end":{"line":51,"column":59}},"32":{"start":{"line":52,"column":8},"end":{"line":52,"column":54}},"33":{"start":{"line":54,"column":4},"end":{"line":54,"column":32}}},"branchMap":{"1":{"line":6,"type":"if","locations":[{"start":{"line":6,"column":0},"end":{"line":6,"column":0}},{"start":{"line":6,"column":0},"end":{"line":6,"column":0}}]},"2":{"line":16,"type":"binary-expr","locations":[{"start":{"line":16,"column":27},"end":{"line":16,"column":39}},{"start":{"line":16,"column":43},"end":{"line":16,"column":44}}]},"3":{"line":30,"type":"if","locations":[{"start":{"line":30,"column":8},"end":{"line":30,"column":8}},{"start":{"line":30,"column":8},"end":{"line":30,"column":8}}]},"4":{"line":37,"type":"cond-expr","locations":[{"start":{"line":37,"column":59},"end":{"line":37,"column":60}},{"start":{"line":37,"column":63},"end":{"line":37,"column":64}}]},"5":{"line":46,"type":"if","locations":[{"start":{"line":46,"column":8},"end":{"line":46,"column":8}},{"start":{"line":46,"column":8},"end":{"line":46,"column":8}}]}},"code":["/** Distance model used by gzip/deflate."," *  Encodes distances starting at 0 (for deflate compatibility, subtract"," *  one from distance to encode)."," *  Uses ~32-entry model to predict ln2(distance) (more-or-less) and then"," *  encodes a few more bits for the actual distance. */","if (typeof define !== 'function') { var define = require('amdefine')(module); }","define(['./Util'],function(Util){","","    // lengthBitsModelFactory will be called with arguments 2, 4, 8, 16, etc","    // and must return an appropriate model or coder.","    var DeflateDistanceModel = function(size, extraStates,","                                        lgDistanceModelFactory,","                                        lengthBitsModelFactory) {","        var i;","        var bits = Util.fls(size-1);","        this.extraStates = +extraStates || 0;","        this.lgDistanceModel = lgDistanceModelFactory(2*bits + extraStates);","        // this.distanceModel[n] used for distances which are n-bits long,","        // but only n-2 bits are encoded: the top bit is known to be one,","        // and the next bit is encoded by the lgDistanceModel.","        this.distanceModel = [];","        for (i=3 ; i <= bits; i++) {","            var numBits = i - 2;","            this.distanceModel[i] = lengthBitsModelFactory(1<<numBits);","        }","    };","    /* you can give this model arguments between 0 and (size-1), or else","       a negative argument which is one of the 'extra states'. */","    DeflateDistanceModel.prototype.encode = function(distance) {","        if (distance < 4) { // small distance or an 'extra state'","            this.lgDistanceModel.encode(distance + this.extraStates);","            return;","        }","        var lgDistance = Util.fls(distance);","        console.assert(distance & (1<<(lgDistance-1))); // top bit is set","        console.assert(lgDistance >= 3);","        var nextBit = (distance & (1 << (lgDistance-2))) ? 1 : 0;","        var l = 4 + ((lgDistance-3)*2) + nextBit;","        this.lgDistanceModel.encode(l + this.extraStates);","        // now encode the rest of the bits.","        var rest = distance & ((1 << (lgDistance-2)) - 1);","        this.distanceModel[lgDistance].encode(rest);","    };","    DeflateDistanceModel.prototype.decode = function() {","        var l = this.lgDistanceModel.decode() - this.extraStates;","        if (l < 4) {","            return l; // this is a small distance or an 'extra state'","        }","        var nextBit = (l&1);","        var lgDistance = ((l-4) >>> 1) + 3;","        var rest = this.distanceModel[lgDistance].decode();","        return ((2+nextBit) << (lgDistance-2)) + rest;","    };","    return DeflateDistanceModel;","});",""],"l":{"6":1,"7":1,"11":1,"14":0,"15":0,"16":0,"17":0,"21":0,"22":0,"23":0,"24":0,"29":1,"30":0,"31":0,"32":0,"34":0,"35":0,"36":0,"37":0,"38":0,"39":0,"41":0,"42":0,"44":1,"45":0,"46":0,"47":0,"49":0,"50":0,"51":0,"52":0,"54":1}},"/home/travis/build/npmtest/node-npmtest-compressjs/node_modules/compressjs/lib/DummyRangeCoder.js":{"path":"/home/travis/build/npmtest/node-npmtest-compressjs/node_modules/compressjs/lib/DummyRangeCoder.js","s":{"1":1,"2":1,"3":1,"4":1,"5":0,"6":1,"7":1,"8":0,"9":0,"10":1,"11":0,"12":0,"13":1,"14":0,"15":1,"16":0,"17":0,"18":0,"19":1,"20":0,"21":1,"22":0,"23":0,"24":0,"25":0,"26":0,"27":0,"28":0,"29":0,"30":1,"31":0,"32":1,"33":0,"34":1,"35":0,"36":1,"37":0,"38":0,"39":0,"40":0,"41":0,"42":0,"43":0,"44":1,"45":0,"46":1,"47":0,"48":0,"49":0,"50":0,"51":1,"52":1},"b":{"1":[1,0],"2":[0,0],"3":[0,0],"4":[0,0],"5":[0,0],"6":[0,0,0]},"f":{"1":1,"2":0,"3":0,"4":0,"5":0,"6":0,"7":0,"8":0,"9":0,"10":0,"11":0,"12":0,"13":0,"14":0,"15":0},"fnMap":{"1":{"name":"(anonymous_1)","line":7,"loc":{"start":{"line":7,"column":33},"end":{"line":7,"column":58}}},"2":{"name":"(anonymous_2)","line":8,"loc":{"start":{"line":8,"column":16},"end":{"line":8,"column":33}}},"3":{"name":"(anonymous_3)","line":12,"loc":{"start":{"line":12,"column":30},"end":{"line":12,"column":42}}},"4":{"name":"(anonymous_4)","line":16,"loc":{"start":{"line":16,"column":31},"end":{"line":16,"column":43}}},"5":{"name":"(anonymous_5)","line":20,"loc":{"start":{"line":20,"column":29},"end":{"line":20,"column":40}}},"6":{"name":"(anonymous_6)","line":23,"loc":{"start":{"line":23,"column":30},"end":{"line":23,"column":41}}},"7":{"name":"(anonymous_7)","line":28,"loc":{"start":{"line":28,"column":34},"end":{"line":28,"column":58}}},"8":{"name":"(anonymous_8)","line":31,"loc":{"start":{"line":31,"column":33},"end":{"line":31,"column":61}}},"9":{"name":"(anonymous_9)","line":43,"loc":{"start":{"line":43,"column":34},"end":{"line":43,"column":62}}},"10":{"name":"(anonymous_10)","line":46,"loc":{"start":{"line":46,"column":35},"end":{"line":46,"column":46}}},"11":{"name":"(anonymous_11)","line":49,"loc":{"start":{"line":49,"column":34},"end":{"line":49,"column":60}}},"12":{"name":"(anonymous_12)","line":52,"loc":{"start":{"line":52,"column":36},"end":{"line":52,"column":52}}},"13":{"name":"(anonymous_13)","line":63,"loc":{"start":{"line":63,"column":37},"end":{"line":63,"column":53}}},"14":{"name":"(anonymous_14)","line":66,"loc":{"start":{"line":66,"column":35},"end":{"line":66,"column":63}}},"15":{"name":"(anonymous_15)","line":77,"loc":{"start":{"line":77,"column":35},"end":{"line":77,"column":46}}}},"statementMap":{"1":{"start":{"line":6,"column":0},"end":{"line":6,"column":79}},"2":{"start":{"line":6,"column":36},"end":{"line":6,"column":77}},"3":{"start":{"line":7,"column":0},"end":{"line":81,"column":3}},"4":{"start":{"line":8,"column":4},"end":{"line":10,"column":6}},"5":{"start":{"line":9,"column":8},"end":{"line":9,"column":38}},"6":{"start":{"line":11,"column":4},"end":{"line":11,"column":58}},"7":{"start":{"line":12,"column":4},"end":{"line":15,"column":6}},"8":{"start":{"line":13,"column":8},"end":{"line":13,"column":49}},"9":{"start":{"line":14,"column":8},"end":{"line":14,"column":33}},"10":{"start":{"line":16,"column":4},"end":{"line":19,"column":6}},"11":{"start":{"line":17,"column":8},"end":{"line":17,"column":48}},"12":{"start":{"line":18,"column":8},"end":{"line":18,"column":40}},"13":{"start":{"line":20,"column":4},"end":{"line":22,"column":6}},"14":{"start":{"line":21,"column":8},"end":{"line":21,"column":38}},"15":{"start":{"line":23,"column":4},"end":{"line":27,"column":6}},"16":{"start":{"line":24,"column":8},"end":{"line":24,"column":40}},"17":{"start":{"line":25,"column":8},"end":{"line":25,"column":40}},"18":{"start":{"line":26,"column":8},"end":{"line":26,"column":28}},"19":{"start":{"line":28,"column":4},"end":{"line":30,"column":6}},"20":{"start":{"line":29,"column":8},"end":{"line":29,"column":33}},"21":{"start":{"line":31,"column":4},"end":{"line":42,"column":6}},"22":{"start":{"line":32,"column":8},"end":{"line":32,"column":33}},"23":{"start":{"line":33,"column":8},"end":{"line":33,"column":34}},"24":{"start":{"line":34,"column":8},"end":{"line":34,"column":41}},"25":{"start":{"line":35,"column":8},"end":{"line":38,"column":9}},"26":{"start":{"line":36,"column":12},"end":{"line":37,"column":45}},"27":{"start":{"line":39,"column":8},"end":{"line":39,"column":52}},"28":{"start":{"line":40,"column":8},"end":{"line":40,"column":52}},"29":{"start":{"line":41,"column":8},"end":{"line":41,"column":53}},"30":{"start":{"line":43,"column":4},"end":{"line":45,"column":6}},"31":{"start":{"line":44,"column":8},"end":{"line":44,"column":48}},"32":{"start":{"line":46,"column":4},"end":{"line":48,"column":6}},"33":{"start":{"line":47,"column":8},"end":{"line":47,"column":17}},"34":{"start":{"line":49,"column":4},"end":{"line":51,"column":6}},"35":{"start":{"line":50,"column":8},"end":{"line":50,"column":60}},"36":{"start":{"line":52,"column":4},"end":{"line":62,"column":6}},"37":{"start":{"line":53,"column":8},"end":{"line":53,"column":34}},"38":{"start":{"line":54,"column":8},"end":{"line":54,"column":57}},"39":{"start":{"line":55,"column":8},"end":{"line":55,"column":57}},"40":{"start":{"line":56,"column":8},"end":{"line":56,"column":57}},"41":{"start":{"line":57,"column":8},"end":{"line":60,"column":9}},"42":{"start":{"line":58,"column":12},"end":{"line":59,"column":50}},"43":{"start":{"line":61,"column":8},"end":{"line":61,"column":43}},"44":{"start":{"line":63,"column":4},"end":{"line":65,"column":6}},"45":{"start":{"line":64,"column":8},"end":{"line":64,"column":44}},"46":{"start":{"line":66,"column":4},"end":{"line":76,"column":6}},"47":{"start":{"line":67,"column":8},"end":{"line":67,"column":33}},"48":{"start":{"line":68,"column":8},"end":{"line":68,"column":34}},"49":{"start":{"line":69,"column":8},"end":{"line":75,"column":9}},"50":{"start":{"line":72,"column":12},"end":{"line":74,"column":60}},"51":{"start":{"line":77,"column":4},"end":{"line":78,"column":6}},"52":{"start":{"line":80,"column":4},"end":{"line":80,"column":17}}},"branchMap":{"1":{"line":6,"type":"if","locations":[{"start":{"line":6,"column":0},"end":{"line":6,"column":0}},{"start":{"line":6,"column":0},"end":{"line":6,"column":0}}]},"2":{"line":35,"type":"if","locations":[{"start":{"line":35,"column":8},"end":{"line":35,"column":8}},{"start":{"line":35,"column":8},"end":{"line":35,"column":8}}]},"3":{"line":50,"type":"cond-expr","locations":[{"start":{"line":50,"column":33},"end":{"line":50,"column":34}},{"start":{"line":50,"column":37},"end":{"line":50,"column":59}}]},"4":{"line":57,"type":"if","locations":[{"start":{"line":57,"column":8},"end":{"line":57,"column":8}},{"start":{"line":57,"column":8},"end":{"line":57,"column":8}}]},"5":{"line":69,"type":"if","locations":[{"start":{"line":69,"column":8},"end":{"line":69,"column":8}},{"start":{"line":69,"column":8},"end":{"line":69,"column":8}}]},"6":{"line":69,"type":"binary-expr","locations":[{"start":{"line":69,"column":12},"end":{"line":69,"column":30}},{"start":{"line":70,"column":12},"end":{"line":70,"column":30}},{"start":{"line":71,"column":12},"end":{"line":71,"column":31}}]}},"code":["/* Dummy Range Coder, for debugging."," * This has the same interface as RangeCoder, but just dumps the frequency"," * parameters given to the file.  This helps debug problems with the model"," * driving the range coder."," */","if (typeof define !== 'function') { var define = require('amdefine')(module); }","define(['./RangeCoder','./Util'],function(RangeCoder,Util){","    var Dummy = function(stream) {","        RangeCoder.call(this, stream);","    };","    Dummy.prototype = Object.create(RangeCoder.prototype);","    Dummy.prototype._write8 = function(b) {","        Util.writeUnsignedNumber(this.stream, b);","        this.stream.writeByte(b);","    };","    Dummy.prototype._write16 = function(s) {","        this.stream.writeByte((s >>> 8) & 0xFF);","        this.stream.writeByte(s & 0xFF);","    };","    Dummy.prototype._read8 = function() {","        return this.stream.readByte();","    };","    Dummy.prototype._read16 = function() {","        var hi = this.stream.readByte();","        var lo = this.stream.readByte();","        return (hi<<8) | lo;","    };","    Dummy.prototype.encodeStart = function(c, initlength) {","        this.stream.writeByte(c);","    };","    Dummy.prototype.encodeFreq = function(sy_f, lt_f, tot_f) {","        console.assert(sy_f > 0);","        console.assert(tot_f > 0);","        console.assert(tot_f <= (1<<23));","        if ((sy_f + lt_f) > tot_f) {","            console.error('dummy coder: lt_f + sy_f > tot_f',","                          sy_f, lt_f, tot_f);","        }","        Util.writeUnsignedNumber(this.stream, sy_f);","        Util.writeUnsignedNumber(this.stream, lt_f);","        Util.writeUnsignedNumber(this.stream, tot_f);","    };","    Dummy.prototype.encodeShift = function(sy_f, lt_f, shift) {","        this.encodeFreq(sy_f, lt_f, 1 << shift);","    };","    Dummy.prototype.encodeFinish = function() {","        return 0;","    };","    Dummy.prototype.decodeStart = function(skipInitialRead) {","        return skipInitialRead ? 0 : this.stream.readByte();","    };","    Dummy.prototype.decodeCulFreq = function(tot_f) {","        console.assert(tot_f > 0);","        this.sy_f = Util.readUnsignedNumber(this.stream);","        this.lt_f = Util.readUnsignedNumber(this.stream);","        this.tot_f= Util.readUnsignedNumber(this.stream);","        if (tot_f !== this.tot_f) {","            console.error('decodeCul* wrong total: got', tot_f,","                          'expected', this.tot_f);","        }","        return (this.sy_f>>>1) + this.lt_f;","    };","    Dummy.prototype.decodeCulShift = function(shift) {","        return this.decodeCulFreq(1<<shift);","    };","    Dummy.prototype.decodeUpdate = function(sy_f, lt_f, tot_f) {","        console.assert(sy_f > 0);","        console.assert(tot_f > 0);","        if (sy_f !== this.sy_f ||","            lt_f !== this.lt_f ||","            tot_f!== this.tot_f) {","            console.error('decodeUpdate wrong parameters; got',","                          sy_f, lt_f, tot_f, 'expected',","                          this.sy_f, this.lt_f, this.tot_f);","        }","    };","    Dummy.prototype.decodeFinish = function() {","    };","","    return Dummy;","});",""],"l":{"6":1,"7":1,"8":1,"9":0,"11":1,"12":1,"13":0,"14":0,"16":1,"17":0,"18":0,"20":1,"21":0,"23":1,"24":0,"25":0,"26":0,"28":1,"29":0,"31":1,"32":0,"33":0,"34":0,"35":0,"36":0,"39":0,"40":0,"41":0,"43":1,"44":0,"46":1,"47":0,"49":1,"50":0,"52":1,"53":0,"54":0,"55":0,"56":0,"57":0,"58":0,"61":0,"63":1,"64":0,"66":1,"67":0,"68":0,"69":0,"72":0,"77":1,"80":1}}}